#
# There is insufficient memory for the Java Runtime Environment to continue.
# Native memory allocation (malloc) failed to allocate 44816 bytes for Chunk::new
# Possible reasons:
#   The system is out of physical RAM or swap space
#   The process is running with CompressedOops enabled, and the Java Heap may be blocking the growth of the native heap
# Possible solutions:
#   Reduce memory load on the system
#   Increase physical memory or swap space
#   Check if swap backing store is full
#   Decrease Java heap size (-Xmx/-Xms)
#   Decrease number of Java threads
#   Decrease Java thread stack sizes (-Xss)
#   Set larger code cache with -XX:ReservedCodeCacheSize=
#   JVM is running with Unscaled Compressed Oops mode in which the Java heap is
#     placed in the first 4GB address space. The Java Heap base address is the
#     maximum limit for the native heap growth. Please use -XX:HeapBaseMinAddress
#     to set the Java Heap base and to place the Java Heap above 4GB virtual address.
# This output file may be truncated or incomplete.
#
#  Out of Memory Error (./open/src/hotspot/share/memory/arena.cpp:197), pid=20872, tid=22408
#
# JRE version: Java(TM) SE Runtime Environment 18.9 (11.0.18+9) (build 11.0.18+9-LTS-195)
# Java VM: Java HotSpot(TM) 64-Bit Server VM 18.9 (11.0.18+9-LTS-195, mixed mode, tiered, compressed oops, g1 gc, windows-amd64)
# No core dump will be written. Minidumps are not enabled by default on client versions of Windows
#

---------------  S U M M A R Y ------------

Command Line: -Xmx64m -Xms64m -Dorg.gradle.appname=gradlew org.gradle.wrapper.GradleWrapperMain app:installDebug -PreactNativeDevServerPort=8081

Host: Intel(R) Core(TM) i7-3740QM CPU @ 2.70GHz, 8 cores, 15G,  Windows 10 , 64 bit Build 19041 (10.0.19041.2364)
Time: Sat Jun 10 16:16:40 2023 SE Asia Standard Time elapsed time: 0.269136 seconds (0d 0h 0m 0s)

---------------  T H R E A D  ---------------

Current thread (0x0000029c6caeb000):  JavaThread "C2 CompilerThread0" daemon [_thread_in_native, id=22408, stack(0x000000a20ac00000,0x000000a20ad00000)]


Current CompileTask:
C2:    269  265 %     4       java.util.zip.ZipFile$Source::hashN @ 2 (26 bytes)

Stack: [0x000000a20ac00000,0x000000a20ad00000]
Native frames: (J=compiled Java code, j=interpreted, Vv=VM code, C=native code)
V  [jvm.dll+0x65d8aa]
V  [jvm.dll+0x79fc1f]
V  [jvm.dll+0x7a12e9]
V  [jvm.dll+0x7a1983]
V  [jvm.dll+0x2585b5]
V  [jvm.dll+0xb284c]
V  [jvm.dll+0xb2e0c]
V  [jvm.dll+0x2c9c42]
V  [jvm.dll+0x56d7dc]
V  [jvm.dll+0x21a251]
V  [jvm.dll+0x213a35]
V  [jvm.dll+0x210264]
V  [jvm.dll+0x18c641]
V  [jvm.dll+0x220609]
V  [jvm.dll+0x21e92c]
V  [jvm.dll+0x763f61]
V  [jvm.dll+0x75c924]
V  [jvm.dll+0x65c755]
C  [ucrtbase.dll+0x21bb2]
C  [KERNEL32.DLL+0x17614]
C  [ntdll.dll+0x526a1]


---------------  P R O C E S S  ---------------

Threads class SMR info:
_java_thread_list=0x0000029c6d019970, length=10, elements={
0x0000029c6ca75800, 0x0000029c6ca7f800, 0x0000029c6cae6000, 0x0000029c6cae7000,
0x0000029c6cae8000, 0x0000029c6caeb000, 0x0000029c6caef800, 0x0000029c6cafb000,
0x0000029c6cd59000, 0x0000029c52c75000
}

Java Threads: ( => current thread )
  0x0000029c6ca75800 JavaThread "Reference Handler" daemon [_thread_blocked, id=7384, stack(0x000000a20a700000,0x000000a20a800000)]
  0x0000029c6ca7f800 JavaThread "Finalizer" daemon [_thread_blocked, id=21516, stack(0x000000a20a800000,0x000000a20a900000)]
  0x0000029c6cae6000 JavaThread "Signal Dispatcher" daemon [_thread_blocked, id=19036, stack(0x000000a20a900000,0x000000a20aa00000)]
  0x0000029c6cae7000 JavaThread "Attach Listener" daemon [_thread_blocked, id=13968, stack(0x000000a20aa00000,0x000000a20ab00000)]
  0x0000029c6cae8000 JavaThread "Service Thread" daemon [_thread_blocked, id=2920, stack(0x000000a20ab00000,0x000000a20ac00000)]
=>0x0000029c6caeb000 JavaThread "C2 CompilerThread0" daemon [_thread_in_native, id=22408, stack(0x000000a20ac00000,0x000000a20ad00000)]
  0x0000029c6caef800 JavaThread "C1 CompilerThread0" daemon [_thread_blocked, id=15844, stack(0x000000a20ad00000,0x000000a20ae00000)]
  0x0000029c6cafb000 JavaThread "Sweeper thread" daemon [_thread_blocked, id=17332, stack(0x000000a20ae00000,0x000000a20af00000)]
  0x0000029c6cd59000 JavaThread "Common-Cleaner" daemon [_thread_blocked, id=21712, stack(0x000000a20b000000,0x000000a20b100000)]
  0x0000029c52c75000 JavaThread "DestroyJavaVM" [_thread_blocked, id=6956, stack(0x000000a20a000000,0x000000a20a100000)]

Other Threads:
  0x0000029c6ca52800 VMThread "VM Thread" [stack: 0x000000a20a600000,0x000000a20a700000] [id=12480]
  0x0000029c6cd56000 WatcherThread [stack: 0x000000a20af00000,0x000000a20b000000] [id=7104]
  0x0000029c52c88800 GCTaskThread "GC Thread#0" [stack: 0x000000a20a100000,0x000000a20a200000] [id=13460]
  0x0000029c52c8f800 ConcurrentGCThread "G1 Main Marker" [stack: 0x000000a20a200000,0x000000a20a300000] [id=11896]
  0x0000029c52c91800 ConcurrentGCThread "G1 Conc#0" [stack: 0x000000a20a300000,0x000000a20a400000] [id=18164]
  0x0000029c52cfd000 ConcurrentGCThread "G1 Refine#0" [stack: 0x000000a20a400000,0x000000a20a500000] [id=20612]
  0x0000029c52cfe000 ConcurrentGCThread "G1 Young RemSet Sampling" [stack: 0x000000a20a500000,0x000000a20a600000] [id=19680]

Threads with active compile tasks:
C2 CompilerThread0      374  265 %     4       java.util.zip.ZipFile$Source::hashN @ 2 (26 bytes)

VM state:not at safepoint (normal execution)

VM Mutex/Monitor currently owned by a thread: None

OutOfMemory and StackOverflow Exception counts:
OutOfMemoryError java_heap_errors=4
LinkageErrors=1

Heap address: 0x00000000fc000000, size: 64 MB, Compressed Oops mode: 32-bit
Narrow klass base: 0x0000000000000000, Narrow klass shift: 3
Compressed class space size: 1073741824 Address: 0x0000000100000000

Heap:
 garbage-first heap   total 65536K, used 3072K [0x00000000fc000000, 0x0000000100000000)
  region size 1024K, 4 young (4096K), 0 survivors (0K)
 Metaspace       used 6817K, capacity 6901K, committed 7040K, reserved 1060864K
  class space    used 599K, capacity 636K, committed 640K, reserved 1048576K
Heap Regions: E=young(eden), S=young(survivor), O=old, HS=humongous(starts), HC=humongous(continues), CS=collection set, F=free, A=archive, TAMS=top-at-mark-start (previous, next)
|   0|0x00000000fc000000, 0x00000000fc000000, 0x00000000fc100000|  0%| F|  |TAMS 0x00000000fc000000, 0x00000000fc000000| Untracked 
|   1|0x00000000fc100000, 0x00000000fc100000, 0x00000000fc200000|  0%| F|  |TAMS 0x00000000fc100000, 0x00000000fc100000| Untracked 
|   2|0x00000000fc200000, 0x00000000fc200000, 0x00000000fc300000|  0%| F|  |TAMS 0x00000000fc200000, 0x00000000fc200000| Untracked 
|   3|0x00000000fc300000, 0x00000000fc300000, 0x00000000fc400000|  0%| F|  |TAMS 0x00000000fc300000, 0x00000000fc300000| Untracked 
|   4|0x00000000fc400000, 0x00000000fc400000, 0x00000000fc500000|  0%| F|  |TAMS 0x00000000fc400000, 0x00000000fc400000| Untracked 
|   5|0x00000000fc500000, 0x00000000fc500000, 0x00000000fc600000|  0%| F|  |TAMS 0x00000000fc500000, 0x00000000fc500000| Untracked 
|   6|0x00000000fc600000, 0x00000000fc600000, 0x00000000fc700000|  0%| F|  |TAMS 0x00000000fc600000, 0x00000000fc600000| Untracked 
|   7|0x00000000fc700000, 0x00000000fc700000, 0x00000000fc800000|  0%| F|  |TAMS 0x00000000fc700000, 0x00000000fc700000| Untracked 
|   8|0x00000000fc800000, 0x00000000fc800000, 0x00000000fc900000|  0%| F|  |TAMS 0x00000000fc800000, 0x00000000fc800000| Untracked 
|   9|0x00000000fc900000, 0x00000000fc900000, 0x00000000fca00000|  0%| F|  |TAMS 0x00000000fc900000, 0x00000000fc900000| Untracked 
|  10|0x00000000fca00000, 0x00000000fca00000, 0x00000000fcb00000|  0%| F|  |TAMS 0x00000000fca00000, 0x00000000fca00000| Untracked 
|  11|0x00000000fcb00000, 0x00000000fcb00000, 0x00000000fcc00000|  0%| F|  |TAMS 0x00000000fcb00000, 0x00000000fcb00000| Untracked 
|  12|0x00000000fcc00000, 0x00000000fcc00000, 0x00000000fcd00000|  0%| F|  |TAMS 0x00000000fcc00000, 0x00000000fcc00000| Untracked 
|  13|0x00000000fcd00000, 0x00000000fcd00000, 0x00000000fce00000|  0%| F|  |TAMS 0x00000000fcd00000, 0x00000000fcd00000| Untracked 
|  14|0x00000000fce00000, 0x00000000fce00000, 0x00000000fcf00000|  0%| F|  |TAMS 0x00000000fce00000, 0x00000000fce00000| Untracked 
|  15|0x00000000fcf00000, 0x00000000fcf00000, 0x00000000fd000000|  0%| F|  |TAMS 0x00000000fcf00000, 0x00000000fcf00000| Untracked 
|  16|0x00000000fd000000, 0x00000000fd000000, 0x00000000fd100000|  0%| F|  |TAMS 0x00000000fd000000, 0x00000000fd000000| Untracked 
|  17|0x00000000fd100000, 0x00000000fd100000, 0x00000000fd200000|  0%| F|  |TAMS 0x00000000fd100000, 0x00000000fd100000| Untracked 
|  18|0x00000000fd200000, 0x00000000fd200000, 0x00000000fd300000|  0%| F|  |TAMS 0x00000000fd200000, 0x00000000fd200000| Untracked 
|  19|0x00000000fd300000, 0x00000000fd300000, 0x00000000fd400000|  0%| F|  |TAMS 0x00000000fd300000, 0x00000000fd300000| Untracked 
|  20|0x00000000fd400000, 0x00000000fd400000, 0x00000000fd500000|  0%| F|  |TAMS 0x00000000fd400000, 0x00000000fd400000| Untracked 
|  21|0x00000000fd500000, 0x00000000fd500000, 0x00000000fd600000|  0%| F|  |TAMS 0x00000000fd500000, 0x00000000fd500000| Untracked 
|  22|0x00000000fd600000, 0x00000000fd600000, 0x00000000fd700000|  0%| F|  |TAMS 0x00000000fd600000, 0x00000000fd600000| Untracked 
|  23|0x00000000fd700000, 0x00000000fd700000, 0x00000000fd800000|  0%| F|  |TAMS 0x00000000fd700000, 0x00000000fd700000| Untracked 
|  24|0x00000000fd800000, 0x00000000fd800000, 0x00000000fd900000|  0%| F|  |TAMS 0x00000000fd800000, 0x00000000fd800000| Untracked 
|  25|0x00000000fd900000, 0x00000000fd900000, 0x00000000fda00000|  0%| F|  |TAMS 0x00000000fd900000, 0x00000000fd900000| Untracked 
|  26|0x00000000fda00000, 0x00000000fda00000, 0x00000000fdb00000|  0%| F|  |TAMS 0x00000000fda00000, 0x00000000fda00000| Untracked 
|  27|0x00000000fdb00000, 0x00000000fdb00000, 0x00000000fdc00000|  0%| F|  |TAMS 0x00000000fdb00000, 0x00000000fdb00000| Untracked 
|  28|0x00000000fdc00000, 0x00000000fdc00000, 0x00000000fdd00000|  0%| F|  |TAMS 0x00000000fdc00000, 0x00000000fdc00000| Untracked 
|  29|0x00000000fdd00000, 0x00000000fdd00000, 0x00000000fde00000|  0%| F|  |TAMS 0x00000000fdd00000, 0x00000000fdd00000| Untracked 
|  30|0x00000000fde00000, 0x00000000fde00000, 0x00000000fdf00000|  0%| F|  |TAMS 0x00000000fde00000, 0x00000000fde00000| Untracked 
|  31|0x00000000fdf00000, 0x00000000fdf00000, 0x00000000fe000000|  0%| F|  |TAMS 0x00000000fdf00000, 0x00000000fdf00000| Untracked 
|  32|0x00000000fe000000, 0x00000000fe000000, 0x00000000fe100000|  0%| F|  |TAMS 0x00000000fe000000, 0x00000000fe000000| Untracked 
|  33|0x00000000fe100000, 0x00000000fe100000, 0x00000000fe200000|  0%| F|  |TAMS 0x00000000fe100000, 0x00000000fe100000| Untracked 
|  34|0x00000000fe200000, 0x00000000fe200000, 0x00000000fe300000|  0%| F|  |TAMS 0x00000000fe200000, 0x00000000fe200000| Untracked 
|  35|0x00000000fe300000, 0x00000000fe300000, 0x00000000fe400000|  0%| F|  |TAMS 0x00000000fe300000, 0x00000000fe300000| Untracked 
|  36|0x00000000fe400000, 0x00000000fe400000, 0x00000000fe500000|  0%| F|  |TAMS 0x00000000fe400000, 0x00000000fe400000| Untracked 
|  37|0x00000000fe500000, 0x00000000fe500000, 0x00000000fe600000|  0%| F|  |TAMS 0x00000000fe500000, 0x00000000fe500000| Untracked 
|  38|0x00000000fe600000, 0x00000000fe600000, 0x00000000fe700000|  0%| F|  |TAMS 0x00000000fe600000, 0x00000000fe600000| Untracked 
|  39|0x00000000fe700000, 0x00000000fe700000, 0x00000000fe800000|  0%| F|  |TAMS 0x00000000fe700000, 0x00000000fe700000| Untracked 
|  40|0x00000000fe800000, 0x00000000fe800000, 0x00000000fe900000|  0%| F|  |TAMS 0x00000000fe800000, 0x00000000fe800000| Untracked 
|  41|0x00000000fe900000, 0x00000000fe900000, 0x00000000fea00000|  0%| F|  |TAMS 0x00000000fe900000, 0x00000000fe900000| Untracked 
|  42|0x00000000fea00000, 0x00000000fea00000, 0x00000000feb00000|  0%| F|  |TAMS 0x00000000fea00000, 0x00000000fea00000| Untracked 
|  43|0x00000000feb00000, 0x00000000feb00000, 0x00000000fec00000|  0%| F|  |TAMS 0x00000000feb00000, 0x00000000feb00000| Untracked 
|  44|0x00000000fec00000, 0x00000000fec00000, 0x00000000fed00000|  0%| F|  |TAMS 0x00000000fec00000, 0x00000000fec00000| Untracked 
|  45|0x00000000fed00000, 0x00000000fed00000, 0x00000000fee00000|  0%| F|  |TAMS 0x00000000fed00000, 0x00000000fed00000| Untracked 
|  46|0x00000000fee00000, 0x00000000fee00000, 0x00000000fef00000|  0%| F|  |TAMS 0x00000000fee00000, 0x00000000fee00000| Untracked 
|  47|0x00000000fef00000, 0x00000000fef00000, 0x00000000ff000000|  0%| F|  |TAMS 0x00000000fef00000, 0x00000000fef00000| Untracked 
|  48|0x00000000ff000000, 0x00000000ff000000, 0x00000000ff100000|  0%| F|  |TAMS 0x00000000ff000000, 0x00000000ff000000| Untracked 
|  49|0x00000000ff100000, 0x00000000ff100000, 0x00000000ff200000|  0%| F|  |TAMS 0x00000000ff100000, 0x00000000ff100000| Untracked 
|  50|0x00000000ff200000, 0x00000000ff200000, 0x00000000ff300000|  0%| F|  |TAMS 0x00000000ff200000, 0x00000000ff200000| Untracked 
|  51|0x00000000ff300000, 0x00000000ff300000, 0x00000000ff400000|  0%| F|  |TAMS 0x00000000ff300000, 0x00000000ff300000| Untracked 
|  52|0x00000000ff400000, 0x00000000ff400000, 0x00000000ff500000|  0%| F|  |TAMS 0x00000000ff400000, 0x00000000ff400000| Untracked 
|  53|0x00000000ff500000, 0x00000000ff500000, 0x00000000ff600000|  0%| F|  |TAMS 0x00000000ff500000, 0x00000000ff500000| Untracked 
|  54|0x00000000ff600000, 0x00000000ff600000, 0x00000000ff700000|  0%| F|  |TAMS 0x00000000ff600000, 0x00000000ff600000| Untracked 
|  55|0x00000000ff700000, 0x00000000ff700000, 0x00000000ff800000|  0%| F|  |TAMS 0x00000000ff700000, 0x00000000ff700000| Untracked 
|  56|0x00000000ff800000, 0x00000000ff800000, 0x00000000ff900000|  0%| F|  |TAMS 0x00000000ff800000, 0x00000000ff800000| Untracked 
|  57|0x00000000ff900000, 0x00000000ff900000, 0x00000000ffa00000|  0%| F|  |TAMS 0x00000000ff900000, 0x00000000ff900000| Untracked 
|  58|0x00000000ffa00000, 0x00000000ffa00000, 0x00000000ffb00000|  0%| F|  |TAMS 0x00000000ffa00000, 0x00000000ffa00000| Untracked 
|  59|0x00000000ffb00000, 0x00000000ffb00000, 0x00000000ffc00000|  0%| F|  |TAMS 0x00000000ffb00000, 0x00000000ffb00000| Untracked 
|  60|0x00000000ffc00000, 0x00000000ffcf65b0, 0x00000000ffd00000| 96%| E|  |TAMS 0x00000000ffc00000, 0x00000000ffc00000| Complete 
|  61|0x00000000ffd00000, 0x00000000ffe00000, 0x00000000ffe00000|100%| E|CS|TAMS 0x00000000ffd00000, 0x00000000ffd00000| Complete 
|  62|0x00000000ffe00000, 0x00000000fff00000, 0x00000000fff00000|100%| E|CS|TAMS 0x00000000ffe00000, 0x00000000ffe00000| Complete 
|  63|0x00000000fff00000, 0x0000000100000000, 0x0000000100000000|100%| E|CS|TAMS 0x00000000fff00000, 0x00000000fff00000| Complete 

Card table byte_map: [0x0000029c52bd0000,0x0000029c52bf0000] _byte_map_base: 0x0000029c523f0000

Marking Bits (Prev, Next): (CMBitMap*) 0x0000029c52c8e648, (CMBitMap*) 0x0000029c52c8e680
 Prev Bits: [0x0000029c69680000, 0x0000029c69780000)
 Next Bits: [0x0000029c69780000, 0x0000029c69880000)

Polling page: 0x0000029c50c90000

Metaspace:

Usage:
  Non-class:      6.12 MB capacity,     6.07 MB (>99%) used,    43.03 KB ( <1%) free+waste,     3.81 KB ( <1%) overhead. 
      Class:    636.00 KB capacity,   599.52 KB ( 94%) used,    34.79 KB (  5%) free+waste,     1.69 KB ( <1%) overhead. 
       Both:      6.74 MB capacity,     6.66 MB ( 99%) used,    77.82 KB (  1%) free+waste,     5.50 KB ( <1%) overhead. 

Virtual space:
  Non-class space:       12.00 MB reserved,       6.25 MB ( 52%) committed 
      Class space:        1.00 GB reserved,     640.00 KB ( <1%) committed 
             Both:        1.01 GB reserved,       6.88 MB ( <1%) committed 

Chunk freelists:
   Non-Class:  896 bytes
       Class:  512 bytes
        Both:  1.38 KB

CodeHeap 'non-profiled nmethods': size=120000Kb used=57Kb max_used=57Kb free=119942Kb
 bounds [0x0000029c61e20000, 0x0000029c62090000, 0x0000029c69350000]
CodeHeap 'profiled nmethods': size=120000Kb used=386Kb max_used=386Kb free=119613Kb
 bounds [0x0000029c5a8f0000, 0x0000029c5ab60000, 0x0000029c61e20000]
CodeHeap 'non-nmethods': size=5760Kb used=1061Kb max_used=1071Kb free=4699Kb
 bounds [0x0000029c5a350000, 0x0000029c5a5c0000, 0x0000029c5a8f0000]
 total_blobs=628 nmethods=273 adapters=267
 compilation: enabled
              stopped_count=0, restarted_count=0
 full_count=0

Compilation events (10 events):
Event: 0.240 Thread 0x0000029c6caef800  261       3       java.util.zip.ZipUtils::CENCOM (9 bytes)
Event: 0.240 Thread 0x0000029c6caef800 nmethod 261 0x0000029c5a94db90 code [0x0000029c5a94dd40, 0x0000029c5a94ded8]
Event: 0.240 Thread 0x0000029c6caef800  262       3       java.util.zip.ZipUtils::CENFLG (9 bytes)
Event: 0.240 Thread 0x0000029c6caef800 nmethod 262 0x0000029c5a94e010 code [0x0000029c5a94e1c0, 0x0000029c5a94e358]
Event: 0.240 Thread 0x0000029c6caef800  263       3       java.util.zip.ZipUtils::CENSIG (8 bytes)
Event: 0.240 Thread 0x0000029c6caeb000  265 %     4       java.util.zip.ZipFile$Source::hashN @ 2 (26 bytes)
Event: 0.240 Thread 0x0000029c6caef800 nmethod 263 0x0000029c5a94e490 code [0x0000029c5a94e640, 0x0000029c5a94e918]
Event: 0.240 Thread 0x0000029c6caef800  264       3       java.util.zip.ZipFile$Source::isMetaName (141 bytes)
Event: 0.240 Thread 0x0000029c6caef800 nmethod 264 0x0000029c5a94ea90 code [0x0000029c5a94ec60, 0x0000029c5a94f158]
Event: 0.241 Thread 0x0000029c6caef800  267       1       java.net.URL::getHost (5 bytes)

GC Heap History (0 events):
No events

Deoptimization events (1 events):
Event: 0.099 Thread 0x0000029c52c75000 Uncommon trap: reason=unstable_if action=reinterpret pc=0x0000029c61e23f24 method=java.lang.String.hashCode()I @ 14 c2

Classes redefined (0 events):
No events

Internal exceptions (1 events):
Event: 0.200 Thread 0x0000029c52c75000 Exception <a 'java/lang/NoSuchMethodError'{0x00000000ffd077b8}: java.lang.invoke.DirectMethodHandle$Holder.invokeStaticInit(Ljava/lang/Object;Ljava/lang/Object;)V> (0x00000000ffd077b8) thrown at [./open/src/hotspot/share/interpreter/linkResolver.cpp, line

Events (10 events):
Event: 0.238 loading class jdk/internal/reflect/NativeMethodAccessorImpl
Event: 0.238 loading class jdk/internal/reflect/NativeMethodAccessorImpl done
Event: 0.238 loading class jdk/internal/reflect/DelegatingMethodAccessorImpl
Event: 0.238 loading class jdk/internal/reflect/DelegatingMethodAccessorImpl done
Event: 0.238 loading class org/gradle/launcher/bootstrap/ProcessBootstrap
Event: 0.238 loading class org/gradle/launcher/bootstrap/ProcessBootstrap done
Event: 0.238 loading class sun/security/util/ManifestEntryVerifier
Event: 0.238 loading class sun/security/util/ManifestEntryVerifier done
Event: 0.239 loading class org/gradle/api/internal/classpath/ModuleRegistry
Event: 0.239 loading class org/gradle/api/internal/classpath/ModuleRegistry done


Dynamic libraries:
0x00007ff60da60000 - 0x00007ff60da70000 	D:\jdk11\bin\java.exe
0x00007ffb5dd10000 - 0x00007ffb5df08000 	C:\Windows\SYSTEM32\ntdll.dll
0x00007ffb5bfe0000 - 0x00007ffb5c09f000 	C:\Windows\System32\KERNEL32.DLL
0x00007ffb5b8c0000 - 0x00007ffb5bb92000 	C:\Windows\System32\KERNELBASE.dll
0x00007ffb5b4a0000 - 0x00007ffb5b5a0000 	C:\Windows\System32\ucrtbase.dll
0x00007ffb53e70000 - 0x00007ffb53e88000 	D:\jdk11\bin\jli.dll
0x00007ffb51180000 - 0x00007ffb5119b000 	D:\jdk11\bin\VCRUNTIME140.dll
0x00007ffb5c7f0000 - 0x00007ffb5c89e000 	C:\Windows\System32\ADVAPI32.dll
0x00007ffb5bf40000 - 0x00007ffb5bfde000 	C:\Windows\System32\msvcrt.dll
0x00007ffb5cf70000 - 0x00007ffb5d00c000 	C:\Windows\System32\sechost.dll
0x00007ffb5c330000 - 0x00007ffb5c455000 	C:\Windows\System32\RPCRT4.dll
0x00007ffb5cdc0000 - 0x00007ffb5cf61000 	C:\Windows\System32\USER32.dll
0x00007ffb5bd20000 - 0x00007ffb5bd42000 	C:\Windows\System32\win32u.dll
0x00007ffb49340000 - 0x00007ffb495da000 	C:\Windows\WinSxS\amd64_microsoft.windows.common-controls_6595b64144ccf1df_6.0.19041.1110_none_60b5254171f9507e\COMCTL32.dll
0x00007ffb5cd30000 - 0x00007ffb5cd5b000 	C:\Windows\System32\GDI32.dll
0x00007ffb5b5a0000 - 0x00007ffb5b6af000 	C:\Windows\System32\gdi32full.dll
0x00007ffb5b400000 - 0x00007ffb5b49d000 	C:\Windows\System32\msvcp_win.dll
0x00007ffb4b560000 - 0x00007ffb4b56a000 	C:\Windows\SYSTEM32\VERSION.dll
0x00007ffb5d810000 - 0x00007ffb5d842000 	C:\Windows\System32\IMM32.DLL
0x00007ffb56f00000 - 0x00007ffb56f0c000 	D:\jdk11\bin\vcruntime140_1.dll
0x00007ffb465b0000 - 0x00007ffb4663e000 	D:\jdk11\bin\msvcp140.dll
0x00007ffaeec70000 - 0x00007ffaef7d8000 	D:\jdk11\bin\server\jvm.dll
0x00007ffb5c7e0000 - 0x00007ffb5c7e8000 	C:\Windows\System32\PSAPI.DLL
0x00007ffb483b0000 - 0x00007ffb483b9000 	C:\Windows\SYSTEM32\WSOCK32.dll
0x00007ffb4b3f0000 - 0x00007ffb4b417000 	C:\Windows\SYSTEM32\WINMM.dll
0x00007ffb5be00000 - 0x00007ffb5be6b000 	C:\Windows\System32\WS2_32.dll
0x00007ffb59c50000 - 0x00007ffb59c62000 	C:\Windows\SYSTEM32\kernel.appcore.dll
0x00007ffb56290000 - 0x00007ffb562a0000 	D:\jdk11\bin\verify.dll
0x00007ffb50b80000 - 0x00007ffb50d64000 	C:\Windows\SYSTEM32\DBGHELP.DLL
0x00007ffb43920000 - 0x00007ffb43955000 	C:\Windows\SYSTEM32\dbgcore.DLL
0x00007ffb5bc40000 - 0x00007ffb5bcc2000 	C:\Windows\System32\bcryptPrimitives.dll
0x00007ffb4fc70000 - 0x00007ffb4fc98000 	D:\jdk11\bin\java.dll
0x00007ffb55940000 - 0x00007ffb5594a000 	D:\jdk11\bin\jimage.dll
0x00007ffb48470000 - 0x00007ffb48487000 	D:\jdk11\bin\zip.dll
0x00007ffb5d0c0000 - 0x00007ffb5d804000 	C:\Windows\System32\SHELL32.dll
0x00007ffb594a0000 - 0x00007ffb59c32000 	C:\Windows\SYSTEM32\windows.storage.dll
0x00007ffb5c8a0000 - 0x00007ffb5cbf5000 	C:\Windows\System32\combase.dll
0x00007ffb5ad80000 - 0x00007ffb5adb0000 	C:\Windows\SYSTEM32\Wldp.dll
0x00007ffb5bd50000 - 0x00007ffb5bdfd000 	C:\Windows\System32\SHCORE.dll
0x00007ffb5c480000 - 0x00007ffb5c4d5000 	C:\Windows\System32\shlwapi.dll
0x00007ffb5b340000 - 0x00007ffb5b35f000 	C:\Windows\SYSTEM32\profapi.dll
0x00007ffb48450000 - 0x00007ffb48469000 	D:\jdk11\bin\net.dll
0x00007ffb52940000 - 0x00007ffb52a4c000 	C:\Windows\SYSTEM32\WINHTTP.dll
0x00007ffb5aae0000 - 0x00007ffb5ab4a000 	C:\Windows\system32\mswsock.dll
0x00007ffb47380000 - 0x00007ffb47392000 	D:\jdk11\bin\nio.dll

dbghelp: loaded successfully - version: 4.0.5 - missing functions: none
symbol engine: initialized successfully - sym options: 0x614 - pdb path: .;D:\jdk11\bin;C:\Windows\SYSTEM32;C:\Windows\WinSxS\amd64_microsoft.windows.common-controls_6595b64144ccf1df_6.0.19041.1110_none_60b5254171f9507e;D:\jdk11\bin\server

VM Arguments:
jvm_args: -Xmx64m -Xms64m -Dorg.gradle.appname=gradlew 
java_command: org.gradle.wrapper.GradleWrapperMain app:installDebug -PreactNativeDevServerPort=8081
java_class_path (initial): D:\React Native\ReanimatetdExample\android\\gradle\wrapper\gradle-wrapper.jar
Launcher Type: SUN_STANDARD

[Global flags]
     intx CICompilerCount                          = 4                                         {product} {ergonomic}
     uint ConcGCThreads                            = 2                                         {product} {ergonomic}
     uint G1ConcRefinementThreads                  = 8                                         {product} {ergonomic}
   size_t G1HeapRegionSize                         = 1048576                                   {product} {ergonomic}
    uintx GCDrainStackTargetSize                   = 64                                        {product} {ergonomic}
   size_t InitialHeapSize                          = 67108864                                  {product} {command line}
   size_t MarkStackSize                            = 4194304                                   {product} {ergonomic}
   size_t MaxHeapSize                              = 67108864                                  {product} {command line}
   size_t MaxNewSize                               = 39845888                                  {product} {ergonomic}
   size_t MinHeapDeltaBytes                        = 1048576                                   {product} {ergonomic}
    uintx NonNMethodCodeHeapSize                   = 5836300                                {pd product} {ergonomic}
    uintx NonProfiledCodeHeapSize                  = 122910970                              {pd product} {ergonomic}
    uintx ProfiledCodeHeapSize                     = 122910970                              {pd product} {ergonomic}
    uintx ReservedCodeCacheSize                    = 251658240                              {pd product} {ergonomic}
     bool SegmentedCodeCache                       = true                                      {product} {ergonomic}
     bool UseCompressedClassPointers               = true                                 {lp64_product} {ergonomic}
     bool UseCompressedOops                        = true                                 {lp64_product} {ergonomic}
     bool UseG1GC                                  = true                                      {product} {ergonomic}
     bool UseLargePagesIndividualAllocation        = false                                  {pd product} {ergonomic}

Logging:
Log output configuration:
 #0: stdout all=warning uptime,level,tags
 #1: stderr all=off uptime,level,tags

Environment Variables:
JAVA_HOME=D:\jdk11
CLASSPATH=D:\React Native\ReanimatetdExample\android\\gradle\wrapper\gradle-wrapper.jar
PATH=D:\React Native\ReanimatetdExample\android\node_modules\.bin;D:\React Native\ReanimatetdExample\node_modules\.bin;D:\React Native\node_modules\.bin;D:\node_modules\.bin;C:\Program Files\nodejs;D:\React Native\ReanimatetdExample\node_modules\.bin;D:\React Native\node_modules\.bin;D:\node_modules\.bin;C:\Program Files\nodejs\node_modules\npm\node_modules\@npmcli\run-script\lib\node-gyp-bin;D:\React Native\ReanimatetdExample\node_modules\.bin;D:\React Native\node_modules\.bin;D:\node_modules\.bin;C:\Program Files\nodejs;D:\React Native\ReanimatetdExample\node_modules\.bin;D:\React Native\node_modules\.bin;D:\node_modules\.bin;C:\Program Files\nodejs\node_modules\npm\node_modules\@npmcli\run-script\lib\node-gyp-bin;D:\jdk11\bin;C:\Program Files (x86)\Intel\iCLS Client\;C:\Program Files\Intel\iCLS Client\;C:\Program Files\Common Files\Oracle\Java\javapath;C:\Windows\system32;C:\Windows;C:\Windows\System32\Wbem;C:\Windows\System32\WindowsPowerShell\v1.0\;C:\Windows\System32\OpenSSH\;d:\sqlseverx86\100\Tools\Binn\;d:\sqlsever\100\Tools\Binn\;d:\sqlsever\100\DTS\Binn\;d:\sqlseverx86\100\Tools\Binn\VSShell\Common7\IDE\;d:\sqlseverx86\100\DTS\Binn\;D:\pascal\bin\i386-Win32;C:\Program Files (x86)\Intel\Intel(R) Management Engine Components\DAL;C:\Program Files\Intel\Intel(R) Management Engine Components\DAL;C:\Program Files (x86)\Intel\Intel(R) Management Engine Components\IPT;C:\Program Files\Intel\Intel(R) Management Engine Components\IPT;C:\Program Files\dotnet\;D:\LuaforWindowns\5.1;D:\LuaforWindowns\5.1\clibs;D:\XAMPP\php;C:\ProgramData\ComposerSetup\bin;C:\Program Files\nodejs\;C:\Program Files (x86)\Common Files\Apple\Apple Application Support;C:\Program Files (x86)\Common Files\Apple\Mobile Device Support;C:\Program Files\Common Files\Apple\Apple Application Support;C:\Program Files\Common Files\Apple\Mobile Device Support;D:\Maven\apache-maven-3.8.6\bin;D:\Git\cmd;D:\Android\SDK\platform-tools;D:\Android\SDK\platforms;C:\Users\Nghia\AppData\Roaming\npm;D:\Android\An
USERNAME=Nghia
OS=Windows_NT
PROCESSOR_IDENTIFIER=Intel64 Family 6 Model 58 Stepping 9, GenuineIntel



---------------  S Y S T E M  ---------------

OS: Windows 10 , 64 bit Build 19041 (10.0.19041.2364)

CPU:total 8 (initial active 8) (4 cores per cpu, 2 threads per core) family 6 model 58 stepping 9 microcode 0x21, cmov, cx8, fxsr, mmx, sse, sse2, sse3, ssse3, sse4.1, sse4.2, popcnt, avx, aes, clmul, erms, ht, tsc, tscinvbit, tscinv

Memory: 4k page, system-wide physical 16287M (1501M free)
TotalPageFile size 18335M (AvailPageFile size 296M)
current process WorkingSet (physical memory assigned to process): 35M, peak: 35M
current process commit charge ("private bytes"): 139M, peak: 139M

vm_info: Java HotSpot(TM) 64-Bit Server VM (11.0.18+9-LTS-195) for windows-amd64 JRE (11.0.18+9-LTS-195), built on Dec  6 2022 15:50:58 by "mach5one" with MS VC++ 17.1 (VS2022)

END.
