#
# There is insufficient memory for the Java Runtime Environment to continue.
# Native memory allocation (mmap) failed to map 268435456 bytes for Failed to commit area from 0x0000000701800000 to 0x0000000711800000 of length 268435456.
# Possible reasons:
#   The system is out of physical RAM or swap space
#   The process is running with CompressedOops enabled, and the Java Heap may be blocking the growth of the native heap
# Possible solutions:
#   Reduce memory load on the system
#   Increase physical memory or swap space
#   Check if swap backing store is full
#   Decrease Java heap size (-Xmx/-Xms)
#   Decrease number of Java threads
#   Decrease Java thread stack sizes (-Xss)
#   Set larger code cache with -XX:ReservedCodeCacheSize=
# This output file may be truncated or incomplete.
#
#  Out of Memory Error (./open/src/hotspot/os/windows/os_windows.cpp:3292), pid=16236, tid=13180
#
# JRE version:  (11.0.18+9) (build )
# Java VM: Java HotSpot(TM) 64-Bit Server VM (11.0.18+9-LTS-195, mixed mode, sharing, tiered, compressed oops, g1 gc, windows-amd64)
# No core dump will be written. Minidumps are not enabled by default on client versions of Windows
#

---------------  S U M M A R Y ------------

Command Line: org.jetbrains.kotlin.cli.jvm.K2JVMCompiler @D:\React Native\ReanimatetdExample\node_modules\react-native-screens\android\build\20230612_8146650140159888510.compiler.options

Host: Intel(R) Core(TM) i7-3740QM CPU @ 2.70GHz, 8 cores, 15G,  Windows 10 , 64 bit Build 19041 (10.0.19041.2364)
Time: Mon Jun 12 17:32:28 2023 SE Asia Standard Time elapsed time: 0.015253 seconds (0d 0h 0m 0s)

---------------  T H R E A D  ---------------

Current thread (0x0000016812b4b800):  JavaThread "Unknown thread" [_thread_in_vm, id=13180, stack(0x0000000bb8c00000,0x0000000bb8d00000)]

Stack: [0x0000000bb8c00000,0x0000000bb8d00000]
Native frames: (J=compiled Java code, j=interpreted, Vv=VM code, C=native code)
V  [jvm.dll+0x65d8aa]
V  [jvm.dll+0x79fc1f]
V  [jvm.dll+0x7a12e9]
V  [jvm.dll+0x7a1983]
V  [jvm.dll+0x2585b5]
V  [jvm.dll+0x65ac09]
V  [jvm.dll+0x64f8e5]
V  [jvm.dll+0x311d4d]
V  [jvm.dll+0x311bb2]
V  [jvm.dll+0x3167e6]
V  [jvm.dll+0x35e8d0]
V  [jvm.dll+0x35e342]
V  [jvm.dll+0x2ed488]
V  [jvm.dll+0x2ee595]
V  [jvm.dll+0x779257]
V  [jvm.dll+0x77ab3f]
V  [jvm.dll+0x36bb59]
V  [jvm.dll+0x75dd4f]
V  [jvm.dll+0x3dd5b7]
V  [jvm.dll+0x3df661]
C  [jli.dll+0x52e7]
C  [ucrtbase.dll+0x21bb2]
C  [KERNEL32.DLL+0x17614]
C  [ntdll.dll+0x526a1]


---------------  P R O C E S S  ---------------

Threads class SMR info:
_java_thread_list=0x0000016810962e00, length=0, elements={
}

Java Threads: ( => current thread )

Other Threads:
  0x0000016812b60800 GCTaskThread "GC Thread#0" [stack: 0x0000000bb8d00000,0x0000000bb8e00000] [id=21232]
  0x0000016810a3e800 ConcurrentGCThread "G1 Main Marker" [stack: 0x0000000bb8e00000,0x0000000bb8f00000] [id=17364]
  0x0000016812bb8800 ConcurrentGCThread "G1 Conc#0" [stack: 0x0000000bb8f00000,0x0000000bb9000000] [id=13768]

[error occurred during error reporting (printing all threads), id 0xc0000005, EXCEPTION_ACCESS_VIOLATION (0xc0000005) at pc=0x00007ffe2357ded7]

VM state:not at safepoint (not fully initialized)

VM Mutex/Monitor currently owned by a thread:  ([mutex/lock_event])
[0x0000016812b48eb0] Heap_lock - owner thread: 0x0000016812b4b800

Heap address: 0x0000000701800000, size: 4072 MB, Compressed Oops mode: Non-zero based: 0x0000000701800000
Narrow klass base: 0x0000000000000000, Narrow klass shift: 0

GC Heap History (0 events):
No events

Deoptimization events (0 events):
No events

Classes redefined (0 events):
No events

Internal exceptions (0 events):
No events

Events (0 events):
No events


Dynamic libraries:
0x00007ff75bf50000 - 0x00007ff75bf60000 	D:\jdk11\bin\java.exe
0x00007ffe8af10000 - 0x00007ffe8b108000 	C:\Windows\SYSTEM32\ntdll.dll
0x00007ffe89e80000 - 0x00007ffe89f3f000 	C:\Windows\System32\KERNEL32.DLL
0x00007ffe88990000 - 0x00007ffe88c62000 	C:\Windows\System32\KERNELBASE.dll
0x00007ffe88e50000 - 0x00007ffe88f50000 	C:\Windows\System32\ucrtbase.dll
0x00007ffe5a400000 - 0x00007ffe5a41b000 	D:\jdk11\bin\VCRUNTIME140.dll
0x00007ffe50350000 - 0x00007ffe50368000 	D:\jdk11\bin\jli.dll
0x00007ffe8adb0000 - 0x00007ffe8ae5e000 	C:\Windows\System32\ADVAPI32.dll
0x00007ffe88f60000 - 0x00007ffe88ffe000 	C:\Windows\System32\msvcrt.dll
0x00007ffe89a50000 - 0x00007ffe89aec000 	C:\Windows\System32\sechost.dll
0x00007ffe898a0000 - 0x00007ffe899c5000 	C:\Windows\System32\RPCRT4.dll
0x00007ffe8ac00000 - 0x00007ffe8ada1000 	C:\Windows\System32\USER32.dll
0x00007ffe88c70000 - 0x00007ffe88c92000 	C:\Windows\System32\win32u.dll
0x00007ffe78f40000 - 0x00007ffe791da000 	C:\Windows\WinSxS\amd64_microsoft.windows.common-controls_6595b64144ccf1df_6.0.19041.1110_none_60b5254171f9507e\COMCTL32.dll
0x00007ffe89870000 - 0x00007ffe8989b000 	C:\Windows\System32\GDI32.dll
0x00007ffe887a0000 - 0x00007ffe888af000 	C:\Windows\System32\gdi32full.dll
0x00007ffe88690000 - 0x00007ffe8872d000 	C:\Windows\System32\msvcp_win.dll
0x00007ffe7a710000 - 0x00007ffe7a71a000 	C:\Windows\SYSTEM32\VERSION.dll
0x00007ffe89000000 - 0x00007ffe89032000 	C:\Windows\System32\IMM32.DLL
0x00007ffe80d50000 - 0x00007ffe80d5c000 	D:\jdk11\bin\vcruntime140_1.dll
0x00007ffe50230000 - 0x00007ffe502be000 	D:\jdk11\bin\msvcp140.dll
0x00007ffe23280000 - 0x00007ffe23de8000 	D:\jdk11\bin\server\jvm.dll
0x00007ffe88f50000 - 0x00007ffe88f58000 	C:\Windows\System32\PSAPI.DLL
0x00007ffe7a6e0000 - 0x00007ffe7a707000 	C:\Windows\SYSTEM32\WINMM.dll
0x00007ffe78200000 - 0x00007ffe78209000 	C:\Windows\SYSTEM32\WSOCK32.dll
0x00007ffe8ae60000 - 0x00007ffe8aecb000 	C:\Windows\System32\WS2_32.dll
0x00007ffe86e50000 - 0x00007ffe86e62000 	C:\Windows\SYSTEM32\kernel.appcore.dll
0x00007ffe50220000 - 0x00007ffe50230000 	D:\jdk11\bin\verify.dll
0x00007ffe7ced0000 - 0x00007ffe7d0b4000 	C:\Windows\SYSTEM32\DBGHELP.DLL
0x00007ffe73e10000 - 0x00007ffe73e45000 	C:\Windows\SYSTEM32\dbgcore.DLL
0x00007ffe88600000 - 0x00007ffe88682000 	C:\Windows\System32\bcryptPrimitives.dll
0x00007ffe501f0000 - 0x00007ffe50218000 	D:\jdk11\bin\java.dll
0x00007ffe4eee0000 - 0x00007ffe4eeea000 	D:\jdk11\bin\jimage.dll
0x00007ffe49900000 - 0x00007ffe49917000 	D:\jdk11\bin\zip.dll

dbghelp: loaded successfully - version: 4.0.5 - missing functions: none
symbol engine: initialized successfully - sym options: 0x614 - pdb path: .;D:\jdk11\bin;C:\Windows\SYSTEM32;C:\Windows\WinSxS\amd64_microsoft.windows.common-controls_6595b64144ccf1df_6.0.19041.1110_none_60b5254171f9507e;D:\jdk11\bin\server

VM Arguments:
java_command: org.jetbrains.kotlin.cli.jvm.K2JVMCompiler @D:\React Native\ReanimatetdExample\node_modules\react-native-screens\android\build\20230612_8146650140159888510.compiler.options
java_class_path (initial): C:\Users\Nghia\.gradle\caches\modules-2\files-2.1\org.jetbrains.kotlin\kotlin-compiler-embeddable\1.6.21\97bdd5a752ce73b58ef16c17bc7f0ea2faff7a2e\kotlin-compiler-embeddable-1.6.21.jar;C:\Users\Nghia\.gradle\caches\modules-2\files-2.1\org.jetbrains.kotlin\kotlin-reflect\1.6.21\5dc3574d9b7bebfcb4ec6b10ada4aaa9e140bd0b\kotlin-reflect-1.6.21.jar;C:\Users\Nghia\.gradle\caches\modules-2\files-2.1\org.jetbrains.kotlin\kotlin-stdlib\1.6.21\11ef67f1900634fd951bad28c53ec957fabbe5b8\kotlin-stdlib-1.6.21.jar;C:\Users\Nghia\.gradle\caches\modules-2\files-2.1\org.jetbrains.kotlin\kotlin-script-runtime\1.6.21\99c6675100da5d6d5b1c5a1032f27f28008d101b\kotlin-script-runtime-1.6.21.jar;C:\Users\Nghia\.gradle\caches\modules-2\files-2.1\org.jetbrains.kotlin\kotlin-daemon-embeddable\1.6.21\46b78cf392e1c4f10854c3cadba44abb7b82250f\kotlin-daemon-embeddable-1.6.21.jar;C:\Users\Nghia\.gradle\caches\modules-2\files-2.1\org.jetbrains.intellij.deps\trove4j\1.0.20200330\3afb14d5f9ceb459d724e907a21145e8ff394f02\trove4j-1.0.20200330.jar;C:\Users\Nghia\.gradle\caches\modules-2\files-2.1\net.java.dev.jna\jna\5.6.0\330f2244e9030119ab3030fc3fededc86713d9cc\jna-5.6.0.jar;C:\Users\Nghia\.gradle\caches\modules-2\files-2.1\org.jetbrains.kotlin\kotlin-stdlib-common\1.6.21\5e5b55c26dbc80372a920aef60eb774b714559b8\kotlin-stdlib-common-1.6.21.jar;C:\Users\Nghia\.gradle\caches\modules-2\files-2.1\org.jetbrains\annotations\13.0\919f0dfe192fb4e063e7dacadee7f8bb9a2672a9\annotations-13.0.jar
Launcher Type: SUN_STANDARD

[Global flags]
     intx CICompilerCount                          = 4                                         {product} {ergonomic}
     uint ConcGCThreads                            = 2                                         {product} {ergonomic}
     uint G1ConcRefinementThreads                  = 8                                         {product} {ergonomic}
   size_t G1HeapRegionSize                         = 1048576                                   {product} {ergonomic}
    uintx GCDrainStackTargetSize                   = 64                                        {product} {ergonomic}
   size_t InitialHeapSize                          = 268435456                                 {product} {ergonomic}
   size_t MarkStackSize                            = 4194304                                   {product} {ergonomic}
   size_t MaxHeapSize                              = 4269801472                                {product} {ergonomic}
   size_t MinHeapDeltaBytes                        = 1048576                                   {product} {ergonomic}
    uintx NonNMethodCodeHeapSize                   = 5836300                                {pd product} {ergonomic}
    uintx NonProfiledCodeHeapSize                  = 122910970                              {pd product} {ergonomic}
    uintx ProfiledCodeHeapSize                     = 122910970                              {pd product} {ergonomic}
    uintx ReservedCodeCacheSize                    = 251658240                              {pd product} {ergonomic}
     bool SegmentedCodeCache                       = true                                      {product} {ergonomic}
     bool UseCompressedClassPointers               = true                                 {lp64_product} {ergonomic}
     bool UseCompressedOops                        = true                                 {lp64_product} {ergonomic}
     bool UseG1GC                                  = true                                      {product} {ergonomic}
     bool UseLargePagesIndividualAllocation        = false                                  {pd product} {ergonomic}

Logging:
Log output configuration:
 #0: stdout all=warning uptime,level,tags
 #1: stderr all=off uptime,level,tags

Environment Variables:
JAVA_HOME=D:\jdk11
CLASSPATH=D:\React Native\ReanimatetdExample\android\\gradle\wrapper\gradle-wrapper.jar
PATH=D:\React Native\ReanimatetdExample\android\node_modules\.bin;D:\React Native\ReanimatetdExample\node_modules\.bin;D:\React Native\node_modules\.bin;D:\node_modules\.bin;C:\Program Files\nodejs;D:\React Native\ReanimatetdExample\node_modules\.bin;D:\React Native\node_modules\.bin;D:\node_modules\.bin;C:\Program Files\nodejs\node_modules\npm\node_modules\@npmcli\run-script\lib\node-gyp-bin;D:\jdk11\bin;C:\Program Files (x86)\Intel\iCLS Client\;C:\Program Files\Intel\iCLS Client\;C:\Program Files\Common Files\Oracle\Java\javapath;C:\Windows\system32;C:\Windows;C:\Windows\System32\Wbem;C:\Windows\System32\WindowsPowerShell\v1.0\;C:\Windows\System32\OpenSSH\;d:\sqlseverx86\100\Tools\Binn\;d:\sqlsever\100\Tools\Binn\;d:\sqlsever\100\DTS\Binn\;d:\sqlseverx86\100\Tools\Binn\VSShell\Common7\IDE\;d:\sqlseverx86\100\DTS\Binn\;D:\pascal\bin\i386-Win32;C:\Program Files (x86)\Intel\Intel(R) Management Engine Components\DAL;C:\Program Files\Intel\Intel(R) Management Engine Components\DAL;C:\Program Files (x86)\Intel\Intel(R) Management Engine Components\IPT;C:\Program Files\Intel\Intel(R) Management Engine Components\IPT;C:\Program Files\dotnet\;D:\LuaforWindowns\5.1;D:\LuaforWindowns\5.1\clibs;D:\XAMPP\php;C:\ProgramData\ComposerSetup\bin;C:\Program Files\nodejs\;C:\Program Files (x86)\Common Files\Apple\Apple Application Support;C:\Program Files (x86)\Common Files\Apple\Mobile Device Support;C:\Program Files\Common Files\Apple\Apple Application Support;C:\Program Files\Common Files\Apple\Mobile Device Support;D:\Maven\apache-maven-3.8.6\bin;D:\Git\cmd;D:\Android\SDK\platform-tools;D:\Android\SDK\platforms;C:\Users\Nghia\AppData\Roaming\npm;D:\Android\Android Studio\plugins\Kotlin\kotlinc\bin;C:\Users\Nghia\AppData\Local\Microsoft\WindowsApps;D:\Android\SDK\platform-tools;D:\Android\SDK\platforms;C:\Users\Nghia\AppData\Roaming\npm;C:\Users\Nghia\AppData\Local\GitHubDesktop\bin;D:\jdk11\bin;D:\Android\Android Studio\plugins\Kotlin\kotlinc\bin;;C:\Users\Nghia\AppData\Local\Progra
USERNAME=Nghia
OS=Windows_NT
PROCESSOR_IDENTIFIER=Intel64 Family 6 Model 58 Stepping 9, GenuineIntel



---------------  S Y S T E M  ---------------

OS: Windows 10 , 64 bit Build 19041 (10.0.19041.2364)

CPU:total 8 (initial active 8) (4 cores per cpu, 2 threads per core) family 6 model 58 stepping 9 microcode 0x21, cmov, cx8, fxsr, mmx, sse, sse2, sse3, ssse3, sse4.1, sse4.2, popcnt, avx, aes, clmul, erms, ht, tsc, tscinvbit, tscinv

Memory: 4k page, system-wide physical 16287M (1681M free)
TotalPageFile size 18335M (AvailPageFile size 151M)
current process WorkingSet (physical memory assigned to process): 10M, peak: 10M
current process commit charge ("private bytes"): 60M, peak: 316M

vm_info: Java HotSpot(TM) 64-Bit Server VM (11.0.18+9-LTS-195) for windows-amd64 JRE (11.0.18+9-LTS-195), built on Dec  6 2022 15:50:58 by "mach5one" with MS VC++ 17.1 (VS2022)

END.
