#
# There is insufficient memory for the Java Runtime Environment to continue.
# Native memory allocation (malloc) failed to allocate 171168 bytes for Chunk::new
# Possible reasons:
#   The system is out of physical RAM or swap space
#   The process is running with CompressedOops enabled, and the Java Heap may be blocking the growth of the native heap
# Possible solutions:
#   Reduce memory load on the system
#   Increase physical memory or swap space
#   Check if swap backing store is full
#   Decrease Java heap size (-Xmx/-Xms)
#   Decrease number of Java threads
#   Decrease Java thread stack sizes (-Xss)
#   Set larger code cache with -XX:ReservedCodeCacheSize=
#   JVM is running with Zero Based Compressed Oops mode in which the Java heap is
#     placed in the first 32GB address space. The Java Heap base address is the
#     maximum limit for the native heap growth. Please use -XX:HeapBaseMinAddress
#     to set the Java Heap base and to place the Java Heap above 32GB virtual address.
# This output file may be truncated or incomplete.
#
#  Out of Memory Error (./open/src/hotspot/share/memory/arena.cpp:197), pid=18528, tid=2868
#
# JRE version: Java(TM) SE Runtime Environment 18.9 (11.0.18+9) (build 11.0.18+9-LTS-195)
# Java VM: Java HotSpot(TM) 64-Bit Server VM 18.9 (11.0.18+9-LTS-195, mixed mode, tiered, compressed oops, g1 gc, windows-amd64)
# No core dump will be written. Minidumps are not enabled by default on client versions of Windows
#

---------------  S U M M A R Y ------------

Command Line: org.jetbrains.kotlin.cli.jvm.K2JVMCompiler @D:\React Native\ReanimatetdExample\node_modules\react-native-screens\android\build\20230617_17356998274546495498.compiler.options

Host: Intel(R) Core(TM) i7-3740QM CPU @ 2.70GHz, 8 cores, 15G,  Windows 10 , 64 bit Build 19041 (10.0.19041.2364)
Time: Sat Jun 17 15:00:11 2023 SE Asia Standard Time elapsed time: 14.082196 seconds (0d 0h 0m 14s)

---------------  T H R E A D  ---------------

Current thread (0x000001db4838c000):  JavaThread "C2 CompilerThread0" daemon [_thread_in_native, id=2868, stack(0x000000b3ef700000,0x000000b3ef800000)]


Current CompileTask:
C2:  14082 7475       4       org.jetbrains.kotlin.descriptors.impl.FunctionDescriptorImpl::doSubstitute (980 bytes)

Stack: [0x000000b3ef700000,0x000000b3ef800000]
Native frames: (J=compiled Java code, j=interpreted, Vv=VM code, C=native code)
V  [jvm.dll+0x65d8aa]
V  [jvm.dll+0x79fc1f]
V  [jvm.dll+0x7a12e9]
V  [jvm.dll+0x7a1983]
V  [jvm.dll+0x2585b5]
V  [jvm.dll+0xb284c]
V  [jvm.dll+0xb2e0c]
V  [jvm.dll+0xb2964]
V  [jvm.dll+0x6bb7cc]
V  [jvm.dll+0x575a94]
V  [jvm.dll+0x57d073]
V  [jvm.dll+0x56aad3]
V  [jvm.dll+0x56afa4]
V  [jvm.dll+0x566c09]
V  [jvm.dll+0x566ac0]
V  [jvm.dll+0x566c47]
V  [jvm.dll+0x566c47]
V  [jvm.dll+0x566c47]
V  [jvm.dll+0x56df6f]
V  [jvm.dll+0x210b87]
V  [jvm.dll+0x2133b9]
V  [jvm.dll+0x210264]
V  [jvm.dll+0x18c641]
V  [jvm.dll+0x220609]
V  [jvm.dll+0x21e92c]
V  [jvm.dll+0x763f61]
V  [jvm.dll+0x75c924]
V  [jvm.dll+0x65c755]
C  [ucrtbase.dll+0x21bb2]
C  [KERNEL32.DLL+0x17614]
C  [ntdll.dll+0x526a1]


---------------  P R O C E S S  ---------------

Threads class SMR info:
_java_thread_list=0x000001db4cdc0ae0, length=12, elements={
0x000001db24db7000, 0x000001db47a63800, 0x000001db47a64800, 0x000001db48387800,
0x000001db48389800, 0x000001db4838b000, 0x000001db4838c000, 0x000001db4833c800,
0x000001db4833d000, 0x000001db484fb800, 0x000001db499af800, 0x000001db49d80000
}

Java Threads: ( => current thread )
  0x000001db24db7000 JavaThread "main" [_thread_in_Java, id=14152, stack(0x000000b3eeb00000,0x000000b3eec00000)]
  0x000001db47a63800 JavaThread "Reference Handler" daemon [_thread_blocked, id=14828, stack(0x000000b3ef200000,0x000000b3ef300000)]
  0x000001db47a64800 JavaThread "Finalizer" daemon [_thread_blocked, id=19024, stack(0x000000b3ef300000,0x000000b3ef400000)]
  0x000001db48387800 JavaThread "Signal Dispatcher" daemon [_thread_blocked, id=18584, stack(0x000000b3ef400000,0x000000b3ef500000)]
  0x000001db48389800 JavaThread "Attach Listener" daemon [_thread_blocked, id=7716, stack(0x000000b3ef500000,0x000000b3ef600000)]
  0x000001db4838b000 JavaThread "Service Thread" daemon [_thread_blocked, id=17592, stack(0x000000b3ef600000,0x000000b3ef700000)]
=>0x000001db4838c000 JavaThread "C2 CompilerThread0" daemon [_thread_in_native, id=2868, stack(0x000000b3ef700000,0x000000b3ef800000)]
  0x000001db4833c800 JavaThread "C1 CompilerThread0" daemon [_thread_blocked, id=12684, stack(0x000000b3ef800000,0x000000b3ef900000)]
  0x000001db4833d000 JavaThread "Sweeper thread" daemon [_thread_blocked, id=9092, stack(0x000000b3ef900000,0x000000b3efa00000)]
  0x000001db484fb800 JavaThread "Common-Cleaner" daemon [_thread_blocked, id=2876, stack(0x000000b3efb00000,0x000000b3efc00000)]
  0x000001db499af800 JavaThread "C2 CompilerThread1" daemon [_thread_in_native, id=1056, stack(0x000000b3f0200000,0x000000b3f0300000)]
  0x000001db49d80000 JavaThread "C2 CompilerThread2" daemon [_thread_in_native, id=21936, stack(0x000000b3f0400000,0x000000b3f0500000)]

Other Threads:
  0x000001db47a62000 VMThread "VM Thread" [stack: 0x000000b3ef100000,0x000000b3ef200000] [id=16452]
  0x000001db484f6800 WatcherThread [stack: 0x000000b3efa00000,0x000000b3efb00000] [id=20620]
  0x000001db24dcb000 GCTaskThread "GC Thread#0" [stack: 0x000000b3eec00000,0x000000b3eed00000] [id=16396]
  0x000001db48a04000 GCTaskThread "GC Thread#1" [stack: 0x000000b3efc00000,0x000000b3efd00000] [id=13856]
  0x000001db48b0a800 GCTaskThread "GC Thread#2" [stack: 0x000000b3efd00000,0x000000b3efe00000] [id=20932]
  0x000001db48b0b000 GCTaskThread "GC Thread#3" [stack: 0x000000b3efe00000,0x000000b3eff00000] [id=17940]
  0x000001db489d1800 GCTaskThread "GC Thread#4" [stack: 0x000000b3eff00000,0x000000b3f0000000] [id=15776]
  0x000001db489d2800 GCTaskThread "GC Thread#5" [stack: 0x000000b3f0000000,0x000000b3f0100000] [id=21124]
  0x000001db4a13a000 GCTaskThread "GC Thread#6" [stack: 0x000000b3f0700000,0x000000b3f0800000] [id=12888]
  0x000001db24e28800 ConcurrentGCThread "G1 Main Marker" [stack: 0x000000b3eed00000,0x000000b3eee00000] [id=19500]
  0x000001db24e2b800 ConcurrentGCThread "G1 Conc#0" [stack: 0x000000b3eee00000,0x000000b3eef00000] [id=1696]
  0x000001db48e6b000 ConcurrentGCThread "G1 Conc#1" [stack: 0x000000b3f0100000,0x000000b3f0200000] [id=10728]
  0x000001db47949800 ConcurrentGCThread "G1 Refine#0" [stack: 0x000000b3eef00000,0x000000b3ef000000] [id=21040]
  0x000001db4ce3c000 ConcurrentGCThread "G1 Refine#1" [stack: 0x000000b3f0300000,0x000000b3f0400000] [id=19284]
  0x000001db4dfd0800 ConcurrentGCThread "G1 Refine#2" [stack: 0x000000b3f0500000,0x000000b3f0600000] [id=8616]
  0x000001db4b2d8800 ConcurrentGCThread "G1 Refine#3" [stack: 0x000000b3f0600000,0x000000b3f0700000] [id=10040]
  0x000001db4794b800 ConcurrentGCThread "G1 Young RemSet Sampling" [stack: 0x000000b3ef000000,0x000000b3ef100000] [id=22488]

Threads with active compile tasks:
C2 CompilerThread0    14159 7475       4       org.jetbrains.kotlin.descriptors.impl.FunctionDescriptorImpl::doSubstitute (980 bytes)
C2 CompilerThread1    14160 7524       4       org.jetbrains.kotlin.types.DescriptorSubstitutor::substituteTypeParameters (389 bytes)
C2 CompilerThread2    14160 7492       4       org.jetbrains.kotlin.types.TypeUtils::contains (301 bytes)

VM state:not at safepoint (normal execution)

VM Mutex/Monitor currently owned by a thread: None

Heap address: 0x0000000701800000, size: 4072 MB, Compressed Oops mode: Zero based, Oop shift amount: 3
Narrow klass base: 0x0000000800000000, Narrow klass shift: 0
Compressed class space size: 1073741824 Address: 0x0000000800000000

Heap:
 garbage-first heap   total 315392K, used 61941K [0x0000000701800000, 0x0000000800000000)
  region size 1024K, 12 young (12288K), 5 survivors (5120K)
 Metaspace       used 59779K, capacity 60546K, committed 60884K, reserved 1103872K
  class space    used 6897K, capacity 7240K, committed 7352K, reserved 1048576K
Heap Regions: E=young(eden), S=young(survivor), O=old, HS=humongous(starts), HC=humongous(continues), CS=collection set, F=free, A=archive, TAMS=top-at-mark-start (previous, next)
|   0|0x0000000701800000, 0x0000000701900000, 0x0000000701900000|100%|HS|  |TAMS 0x0000000701900000, 0x0000000701800000| Complete 
|   1|0x0000000701900000, 0x0000000701a00000, 0x0000000701a00000|100%|HC|  |TAMS 0x0000000701a00000, 0x0000000701900000| Complete 
|   2|0x0000000701a00000, 0x0000000701b00000, 0x0000000701b00000|100%|HC|  |TAMS 0x0000000701b00000, 0x0000000701a00000| Complete 
|   3|0x0000000701b00000, 0x0000000701c00000, 0x0000000701c00000|100%|HS|  |TAMS 0x0000000701c00000, 0x0000000701b00000| Complete 
|   4|0x0000000701c00000, 0x0000000701d00000, 0x0000000701d00000|100%|HC|  |TAMS 0x0000000701d00000, 0x0000000701c00000| Complete 
|   5|0x0000000701d00000, 0x0000000701e00000, 0x0000000701e00000|100%|HC|  |TAMS 0x0000000701e00000, 0x0000000701d00000| Complete 
|   6|0x0000000701e00000, 0x0000000701f00000, 0x0000000701f00000|100%|HS|  |TAMS 0x0000000701f00000, 0x0000000701e00000| Complete 
|   7|0x0000000701f00000, 0x0000000702000000, 0x0000000702000000|100%|HC|  |TAMS 0x0000000702000000, 0x0000000701f00000| Complete 
|   8|0x0000000702000000, 0x0000000702100000, 0x0000000702100000|100%| O|  |TAMS 0x0000000702100000, 0x0000000702000000| Untracked 
|   9|0x0000000702100000, 0x0000000702200000, 0x0000000702200000|100%| O|  |TAMS 0x0000000702200000, 0x0000000702100000| Untracked 
|  10|0x0000000702200000, 0x0000000702300000, 0x0000000702300000|100%| O|  |TAMS 0x0000000702300000, 0x0000000702200000| Untracked 
|  11|0x0000000702300000, 0x0000000702400000, 0x0000000702400000|100%| O|  |TAMS 0x0000000702400000, 0x0000000702300000| Untracked 
|  12|0x0000000702400000, 0x0000000702500000, 0x0000000702500000|100%| O|  |TAMS 0x0000000702500000, 0x0000000702400000| Untracked 
|  13|0x0000000702500000, 0x0000000702600000, 0x0000000702600000|100%| O|  |TAMS 0x0000000702600000, 0x0000000702500000| Untracked 
|  14|0x0000000702600000, 0x0000000702700000, 0x0000000702700000|100%| O|  |TAMS 0x0000000702700000, 0x0000000702600000| Untracked 
|  15|0x0000000702700000, 0x0000000702800000, 0x0000000702800000|100%| O|  |TAMS 0x0000000702800000, 0x0000000702700000| Untracked 
|  16|0x0000000702800000, 0x0000000702900000, 0x0000000702900000|100%| O|  |TAMS 0x0000000702900000, 0x0000000702800000| Untracked 
|  17|0x0000000702900000, 0x0000000702a00000, 0x0000000702a00000|100%| O|  |TAMS 0x0000000702a00000, 0x0000000702900000| Untracked 
|  18|0x0000000702a00000, 0x0000000702b00000, 0x0000000702b00000|100%| O|  |TAMS 0x0000000702b00000, 0x0000000702a00000| Untracked 
|  19|0x0000000702b00000, 0x0000000702c00000, 0x0000000702c00000|100%| O|  |TAMS 0x0000000702c00000, 0x0000000702b00000| Untracked 
|  20|0x0000000702c00000, 0x0000000702d00000, 0x0000000702d00000|100%| O|  |TAMS 0x0000000702d00000, 0x0000000702c00000| Untracked 
|  21|0x0000000702d00000, 0x0000000702e00000, 0x0000000702e00000|100%| O|  |TAMS 0x0000000702e00000, 0x0000000702d00000| Untracked 
|  22|0x0000000702e00000, 0x0000000702f00000, 0x0000000702f00000|100%| O|  |TAMS 0x0000000702f00000, 0x0000000702e00000| Untracked 
|  23|0x0000000702f00000, 0x0000000703000000, 0x0000000703000000|100%| O|  |TAMS 0x0000000703000000, 0x0000000702f00000| Untracked 
|  24|0x0000000703000000, 0x0000000703100000, 0x0000000703100000|100%| O|  |TAMS 0x0000000703100000, 0x0000000703000000| Untracked 
|  25|0x0000000703100000, 0x0000000703200000, 0x0000000703200000|100%| O|  |TAMS 0x0000000703200000, 0x0000000703100000| Untracked 
|  26|0x0000000703200000, 0x0000000703300000, 0x0000000703300000|100%| O|  |TAMS 0x0000000703300000, 0x0000000703200000| Untracked 
|  27|0x0000000703300000, 0x0000000703400000, 0x0000000703400000|100%| O|  |TAMS 0x0000000703400000, 0x0000000703300000| Untracked 
|  28|0x0000000703400000, 0x0000000703500000, 0x0000000703500000|100%| O|  |TAMS 0x0000000703500000, 0x0000000703400000| Untracked 
|  29|0x0000000703500000, 0x0000000703600000, 0x0000000703600000|100%| O|  |TAMS 0x0000000703600000, 0x0000000703500000| Untracked 
|  30|0x0000000703600000, 0x0000000703700000, 0x0000000703700000|100%| O|  |TAMS 0x0000000703700000, 0x0000000703600000| Untracked 
|  31|0x0000000703700000, 0x0000000703800000, 0x0000000703800000|100%| O|  |TAMS 0x0000000703800000, 0x0000000703700000| Untracked 
|  32|0x0000000703800000, 0x0000000703900000, 0x0000000703900000|100%| O|  |TAMS 0x0000000703900000, 0x0000000703800000| Untracked 
|  33|0x0000000703900000, 0x0000000703a00000, 0x0000000703a00000|100%| O|  |TAMS 0x0000000703a00000, 0x0000000703900000| Untracked 
|  34|0x0000000703a00000, 0x0000000703b00000, 0x0000000703b00000|100%| O|  |TAMS 0x0000000703b00000, 0x0000000703a00000| Untracked 
|  35|0x0000000703b00000, 0x0000000703c00000, 0x0000000703c00000|100%| O|  |TAMS 0x0000000703c00000, 0x0000000703b00000| Untracked 
|  36|0x0000000703c00000, 0x0000000703d00000, 0x0000000703d00000|100%| O|  |TAMS 0x0000000703d00000, 0x0000000703c00000| Untracked 
|  37|0x0000000703d00000, 0x0000000703e00000, 0x0000000703e00000|100%| O|  |TAMS 0x0000000703e00000, 0x0000000703d00000| Untracked 
|  38|0x0000000703e00000, 0x0000000703f00000, 0x0000000703f00000|100%| O|  |TAMS 0x0000000703f00000, 0x0000000703e00000| Untracked 
|  39|0x0000000703f00000, 0x0000000704000000, 0x0000000704000000|100%| O|  |TAMS 0x0000000704000000, 0x0000000703f00000| Untracked 
|  40|0x0000000704000000, 0x0000000704100000, 0x0000000704100000|100%| O|  |TAMS 0x0000000704100000, 0x0000000704000000| Untracked 
|  41|0x0000000704100000, 0x0000000704200000, 0x0000000704200000|100%| O|  |TAMS 0x0000000704200000, 0x0000000704100000| Untracked 
|  42|0x0000000704200000, 0x0000000704300000, 0x0000000704300000|100%| O|  |TAMS 0x0000000704300000, 0x0000000704200000| Untracked 
|  43|0x0000000704300000, 0x0000000704400000, 0x0000000704400000|100%| O|  |TAMS 0x0000000704400000, 0x0000000704300000| Untracked 
|  44|0x0000000704400000, 0x0000000704500000, 0x0000000704500000|100%| O|  |TAMS 0x0000000704500000, 0x0000000704400000| Untracked 
|  45|0x0000000704500000, 0x0000000704600000, 0x0000000704600000|100%| O|  |TAMS 0x0000000704600000, 0x0000000704500000| Untracked 
|  46|0x0000000704600000, 0x0000000704700000, 0x0000000704700000|100%| O|  |TAMS 0x0000000704700000, 0x0000000704600000| Untracked 
|  47|0x0000000704700000, 0x0000000704800000, 0x0000000704800000|100%| O|  |TAMS 0x0000000704800000, 0x0000000704700000| Untracked 
|  48|0x0000000704800000, 0x0000000704900000, 0x0000000704900000|100%| O|  |TAMS 0x0000000704900000, 0x0000000704800000| Untracked 
|  49|0x0000000704900000, 0x0000000704a00000, 0x0000000704a00000|100%| O|  |TAMS 0x0000000704a00000, 0x0000000704900000| Untracked 
|  50|0x0000000704a00000, 0x0000000704a3c600, 0x0000000704b00000| 23%| O|  |TAMS 0x0000000704a3c600, 0x0000000704a00000| Untracked 
|  51|0x0000000704b00000, 0x0000000704b00000, 0x0000000704c00000|  0%| F|  |TAMS 0x0000000704b00000, 0x0000000704b00000| Untracked 
|  52|0x0000000704c00000, 0x0000000704c00000, 0x0000000704d00000|  0%| F|  |TAMS 0x0000000704c00000, 0x0000000704c00000| Untracked 
|  53|0x0000000704d00000, 0x0000000704d00000, 0x0000000704e00000|  0%| F|  |TAMS 0x0000000704d00000, 0x0000000704d00000| Untracked 
|  54|0x0000000704e00000, 0x0000000704e00000, 0x0000000704f00000|  0%| F|  |TAMS 0x0000000704e00000, 0x0000000704e00000| Untracked 
|  55|0x0000000704f00000, 0x0000000704f00000, 0x0000000705000000|  0%| F|  |TAMS 0x0000000704f00000, 0x0000000704f00000| Untracked 
|  56|0x0000000705000000, 0x0000000705000000, 0x0000000705100000|  0%| F|  |TAMS 0x0000000705000000, 0x0000000705000000| Untracked 
|  57|0x0000000705100000, 0x0000000705100000, 0x0000000705200000|  0%| F|  |TAMS 0x0000000705100000, 0x0000000705100000| Untracked 
|  58|0x0000000705200000, 0x0000000705200000, 0x0000000705300000|  0%| F|  |TAMS 0x0000000705200000, 0x0000000705200000| Untracked 
|  59|0x0000000705300000, 0x0000000705300000, 0x0000000705400000|  0%| F|  |TAMS 0x0000000705300000, 0x0000000705300000| Untracked 
|  60|0x0000000705400000, 0x0000000705400000, 0x0000000705500000|  0%| F|  |TAMS 0x0000000705400000, 0x0000000705400000| Untracked 
|  61|0x0000000705500000, 0x0000000705500000, 0x0000000705600000|  0%| F|  |TAMS 0x0000000705500000, 0x0000000705500000| Untracked 
|  62|0x0000000705600000, 0x0000000705600000, 0x0000000705700000|  0%| F|  |TAMS 0x0000000705600000, 0x0000000705600000| Untracked 
|  63|0x0000000705700000, 0x0000000705700000, 0x0000000705800000|  0%| F|  |TAMS 0x0000000705700000, 0x0000000705700000| Untracked 
|  64|0x0000000705800000, 0x0000000705800000, 0x0000000705900000|  0%| F|  |TAMS 0x0000000705800000, 0x0000000705800000| Untracked 
|  65|0x0000000705900000, 0x0000000705900000, 0x0000000705a00000|  0%| F|  |TAMS 0x0000000705900000, 0x0000000705900000| Untracked 
|  66|0x0000000705a00000, 0x0000000705a00000, 0x0000000705b00000|  0%| F|  |TAMS 0x0000000705a00000, 0x0000000705a00000| Untracked 
|  67|0x0000000705b00000, 0x0000000705b00000, 0x0000000705c00000|  0%| F|  |TAMS 0x0000000705b00000, 0x0000000705b00000| Untracked 
|  68|0x0000000705c00000, 0x0000000705c00000, 0x0000000705d00000|  0%| F|  |TAMS 0x0000000705c00000, 0x0000000705c00000| Untracked 
|  69|0x0000000705d00000, 0x0000000705d00000, 0x0000000705e00000|  0%| F|  |TAMS 0x0000000705d00000, 0x0000000705d00000| Untracked 
|  70|0x0000000705e00000, 0x0000000705e00000, 0x0000000705f00000|  0%| F|  |TAMS 0x0000000705e00000, 0x0000000705e00000| Untracked 
|  71|0x0000000705f00000, 0x0000000705f00000, 0x0000000706000000|  0%| F|  |TAMS 0x0000000705f00000, 0x0000000705f00000| Untracked 
|  72|0x0000000706000000, 0x0000000706000000, 0x0000000706100000|  0%| F|  |TAMS 0x0000000706000000, 0x0000000706000000| Untracked 
|  73|0x0000000706100000, 0x0000000706100000, 0x0000000706200000|  0%| F|  |TAMS 0x0000000706100000, 0x0000000706100000| Untracked 
|  74|0x0000000706200000, 0x0000000706200000, 0x0000000706300000|  0%| F|  |TAMS 0x0000000706200000, 0x0000000706200000| Untracked 
|  75|0x0000000706300000, 0x0000000706300000, 0x0000000706400000|  0%| F|  |TAMS 0x0000000706300000, 0x0000000706300000| Untracked 
|  76|0x0000000706400000, 0x0000000706400000, 0x0000000706500000|  0%| F|  |TAMS 0x0000000706400000, 0x0000000706400000| Untracked 
|  77|0x0000000706500000, 0x0000000706500000, 0x0000000706600000|  0%| F|  |TAMS 0x0000000706500000, 0x0000000706500000| Untracked 
|  78|0x0000000706600000, 0x0000000706600000, 0x0000000706700000|  0%| F|  |TAMS 0x0000000706600000, 0x0000000706600000| Untracked 
|  79|0x0000000706700000, 0x0000000706700000, 0x0000000706800000|  0%| F|  |TAMS 0x0000000706700000, 0x0000000706700000| Untracked 
|  80|0x0000000706800000, 0x0000000706800000, 0x0000000706900000|  0%| F|  |TAMS 0x0000000706800000, 0x0000000706800000| Untracked 
|  81|0x0000000706900000, 0x0000000706900000, 0x0000000706a00000|  0%| F|  |TAMS 0x0000000706900000, 0x0000000706900000| Untracked 
|  82|0x0000000706a00000, 0x0000000706a00000, 0x0000000706b00000|  0%| F|  |TAMS 0x0000000706a00000, 0x0000000706a00000| Untracked 
|  83|0x0000000706b00000, 0x0000000706b00000, 0x0000000706c00000|  0%| F|  |TAMS 0x0000000706b00000, 0x0000000706b00000| Untracked 
|  84|0x0000000706c00000, 0x0000000706c00000, 0x0000000706d00000|  0%| F|  |TAMS 0x0000000706c00000, 0x0000000706c00000| Untracked 
|  85|0x0000000706d00000, 0x0000000706d00000, 0x0000000706e00000|  0%| F|  |TAMS 0x0000000706d00000, 0x0000000706d00000| Untracked 
|  86|0x0000000706e00000, 0x0000000706e00000, 0x0000000706f00000|  0%| F|  |TAMS 0x0000000706e00000, 0x0000000706e00000| Untracked 
|  87|0x0000000706f00000, 0x0000000706f00000, 0x0000000707000000|  0%| F|  |TAMS 0x0000000706f00000, 0x0000000706f00000| Untracked 
|  88|0x0000000707000000, 0x0000000707000000, 0x0000000707100000|  0%| F|  |TAMS 0x0000000707000000, 0x0000000707000000| Untracked 
|  89|0x0000000707100000, 0x0000000707100000, 0x0000000707200000|  0%| F|  |TAMS 0x0000000707100000, 0x0000000707100000| Untracked 
|  90|0x0000000707200000, 0x0000000707200000, 0x0000000707300000|  0%| F|  |TAMS 0x0000000707200000, 0x0000000707200000| Untracked 
|  91|0x0000000707300000, 0x0000000707300000, 0x0000000707400000|  0%| F|  |TAMS 0x0000000707300000, 0x0000000707300000| Untracked 
|  92|0x0000000707400000, 0x0000000707400000, 0x0000000707500000|  0%| F|  |TAMS 0x0000000707400000, 0x0000000707400000| Untracked 
|  93|0x0000000707500000, 0x0000000707500000, 0x0000000707600000|  0%| F|  |TAMS 0x0000000707500000, 0x0000000707500000| Untracked 
|  94|0x0000000707600000, 0x0000000707600000, 0x0000000707700000|  0%| F|  |TAMS 0x0000000707600000, 0x0000000707600000| Untracked 
|  95|0x0000000707700000, 0x0000000707700000, 0x0000000707800000|  0%| F|  |TAMS 0x0000000707700000, 0x0000000707700000| Untracked 
|  96|0x0000000707800000, 0x0000000707800000, 0x0000000707900000|  0%| F|  |TAMS 0x0000000707800000, 0x0000000707800000| Untracked 
|  97|0x0000000707900000, 0x0000000707900000, 0x0000000707a00000|  0%| F|  |TAMS 0x0000000707900000, 0x0000000707900000| Untracked 
|  98|0x0000000707a00000, 0x0000000707a00000, 0x0000000707b00000|  0%| F|  |TAMS 0x0000000707a00000, 0x0000000707a00000| Untracked 
|  99|0x0000000707b00000, 0x0000000707b00000, 0x0000000707c00000|  0%| F|  |TAMS 0x0000000707b00000, 0x0000000707b00000| Untracked 
| 100|0x0000000707c00000, 0x0000000707c00000, 0x0000000707d00000|  0%| F|  |TAMS 0x0000000707c00000, 0x0000000707c00000| Untracked 
| 101|0x0000000707d00000, 0x0000000707d00000, 0x0000000707e00000|  0%| F|  |TAMS 0x0000000707d00000, 0x0000000707d00000| Untracked 
| 102|0x0000000707e00000, 0x0000000707e00000, 0x0000000707f00000|  0%| F|  |TAMS 0x0000000707e00000, 0x0000000707e00000| Untracked 
| 103|0x0000000707f00000, 0x0000000707f00000, 0x0000000708000000|  0%| F|  |TAMS 0x0000000707f00000, 0x0000000707f00000| Untracked 
| 104|0x0000000708000000, 0x0000000708000000, 0x0000000708100000|  0%| F|  |TAMS 0x0000000708000000, 0x0000000708000000| Untracked 
| 105|0x0000000708100000, 0x0000000708100000, 0x0000000708200000|  0%| F|  |TAMS 0x0000000708100000, 0x0000000708100000| Untracked 
| 106|0x0000000708200000, 0x0000000708200000, 0x0000000708300000|  0%| F|  |TAMS 0x0000000708200000, 0x0000000708200000| Untracked 
| 107|0x0000000708300000, 0x0000000708300000, 0x0000000708400000|  0%| F|  |TAMS 0x0000000708300000, 0x0000000708300000| Untracked 
| 108|0x0000000708400000, 0x0000000708400000, 0x0000000708500000|  0%| F|  |TAMS 0x0000000708400000, 0x0000000708400000| Untracked 
| 109|0x0000000708500000, 0x0000000708500000, 0x0000000708600000|  0%| F|  |TAMS 0x0000000708500000, 0x0000000708500000| Untracked 
| 110|0x0000000708600000, 0x0000000708600000, 0x0000000708700000|  0%| F|  |TAMS 0x0000000708600000, 0x0000000708600000| Untracked 
| 111|0x0000000708700000, 0x0000000708700000, 0x0000000708800000|  0%| F|  |TAMS 0x0000000708700000, 0x0000000708700000| Untracked 
| 112|0x0000000708800000, 0x0000000708800000, 0x0000000708900000|  0%| F|  |TAMS 0x0000000708800000, 0x0000000708800000| Untracked 
| 113|0x0000000708900000, 0x0000000708900000, 0x0000000708a00000|  0%| F|  |TAMS 0x0000000708900000, 0x0000000708900000| Untracked 
| 114|0x0000000708a00000, 0x0000000708a00000, 0x0000000708b00000|  0%| F|  |TAMS 0x0000000708a00000, 0x0000000708a00000| Untracked 
| 115|0x0000000708b00000, 0x0000000708b00000, 0x0000000708c00000|  0%| F|  |TAMS 0x0000000708b00000, 0x0000000708b00000| Untracked 
| 116|0x0000000708c00000, 0x0000000708c00000, 0x0000000708d00000|  0%| F|  |TAMS 0x0000000708c00000, 0x0000000708c00000| Untracked 
| 117|0x0000000708d00000, 0x0000000708d00000, 0x0000000708e00000|  0%| F|  |TAMS 0x0000000708d00000, 0x0000000708d00000| Untracked 
| 118|0x0000000708e00000, 0x0000000708e00000, 0x0000000708f00000|  0%| F|  |TAMS 0x0000000708e00000, 0x0000000708e00000| Untracked 
| 119|0x0000000708f00000, 0x0000000708f00000, 0x0000000709000000|  0%| F|  |TAMS 0x0000000708f00000, 0x0000000708f00000| Untracked 
| 120|0x0000000709000000, 0x0000000709000000, 0x0000000709100000|  0%| F|  |TAMS 0x0000000709000000, 0x0000000709000000| Untracked 
| 121|0x0000000709100000, 0x0000000709100000, 0x0000000709200000|  0%| F|  |TAMS 0x0000000709100000, 0x0000000709100000| Untracked 
| 122|0x0000000709200000, 0x0000000709200000, 0x0000000709300000|  0%| F|  |TAMS 0x0000000709200000, 0x0000000709200000| Untracked 
| 123|0x0000000709300000, 0x0000000709300000, 0x0000000709400000|  0%| F|  |TAMS 0x0000000709300000, 0x0000000709300000| Untracked 
| 124|0x0000000709400000, 0x0000000709400000, 0x0000000709500000|  0%| F|  |TAMS 0x0000000709400000, 0x0000000709400000| Untracked 
| 125|0x0000000709500000, 0x0000000709500000, 0x0000000709600000|  0%| F|  |TAMS 0x0000000709500000, 0x0000000709500000| Untracked 
| 126|0x0000000709600000, 0x0000000709600000, 0x0000000709700000|  0%| F|  |TAMS 0x0000000709600000, 0x0000000709600000| Untracked 
| 127|0x0000000709700000, 0x0000000709700000, 0x0000000709800000|  0%| F|  |TAMS 0x0000000709700000, 0x0000000709700000| Untracked 
| 128|0x0000000709800000, 0x0000000709800000, 0x0000000709900000|  0%| F|  |TAMS 0x0000000709800000, 0x0000000709800000| Untracked 
| 129|0x0000000709900000, 0x0000000709900000, 0x0000000709a00000|  0%| F|  |TAMS 0x0000000709900000, 0x0000000709900000| Untracked 
| 130|0x0000000709a00000, 0x0000000709a00000, 0x0000000709b00000|  0%| F|  |TAMS 0x0000000709a00000, 0x0000000709a00000| Untracked 
| 131|0x0000000709b00000, 0x0000000709b00000, 0x0000000709c00000|  0%| F|  |TAMS 0x0000000709b00000, 0x0000000709b00000| Untracked 
| 132|0x0000000709c00000, 0x0000000709c00000, 0x0000000709d00000|  0%| F|  |TAMS 0x0000000709c00000, 0x0000000709c00000| Untracked 
| 133|0x0000000709d00000, 0x0000000709d00000, 0x0000000709e00000|  0%| F|  |TAMS 0x0000000709d00000, 0x0000000709d00000| Untracked 
| 134|0x0000000709e00000, 0x0000000709e00000, 0x0000000709f00000|  0%| F|  |TAMS 0x0000000709e00000, 0x0000000709e00000| Untracked 
| 135|0x0000000709f00000, 0x0000000709f00000, 0x000000070a000000|  0%| F|  |TAMS 0x0000000709f00000, 0x0000000709f00000| Untracked 
| 136|0x000000070a000000, 0x000000070a000000, 0x000000070a100000|  0%| F|  |TAMS 0x000000070a000000, 0x000000070a000000| Untracked 
| 137|0x000000070a100000, 0x000000070a100000, 0x000000070a200000|  0%| F|  |TAMS 0x000000070a100000, 0x000000070a100000| Untracked 
| 138|0x000000070a200000, 0x000000070a200000, 0x000000070a300000|  0%| F|  |TAMS 0x000000070a200000, 0x000000070a200000| Untracked 
| 139|0x000000070a300000, 0x000000070a300000, 0x000000070a400000|  0%| F|  |TAMS 0x000000070a300000, 0x000000070a300000| Untracked 
| 140|0x000000070a400000, 0x000000070a400000, 0x000000070a500000|  0%| F|  |TAMS 0x000000070a400000, 0x000000070a400000| Untracked 
| 141|0x000000070a500000, 0x000000070a500000, 0x000000070a600000|  0%| F|  |TAMS 0x000000070a500000, 0x000000070a500000| Untracked 
| 142|0x000000070a600000, 0x000000070a600000, 0x000000070a700000|  0%| F|  |TAMS 0x000000070a600000, 0x000000070a600000| Untracked 
| 143|0x000000070a700000, 0x000000070a700000, 0x000000070a800000|  0%| F|  |TAMS 0x000000070a700000, 0x000000070a700000| Untracked 
| 144|0x000000070a800000, 0x000000070a800000, 0x000000070a900000|  0%| F|  |TAMS 0x000000070a800000, 0x000000070a800000| Untracked 
| 145|0x000000070a900000, 0x000000070a900000, 0x000000070aa00000|  0%| F|  |TAMS 0x000000070a900000, 0x000000070a900000| Untracked 
| 146|0x000000070aa00000, 0x000000070aa00000, 0x000000070ab00000|  0%| F|  |TAMS 0x000000070aa00000, 0x000000070aa00000| Untracked 
| 147|0x000000070ab00000, 0x000000070ab00000, 0x000000070ac00000|  0%| F|  |TAMS 0x000000070ab00000, 0x000000070ab00000| Untracked 
| 148|0x000000070ac00000, 0x000000070ac00000, 0x000000070ad00000|  0%| F|  |TAMS 0x000000070ac00000, 0x000000070ac00000| Untracked 
| 149|0x000000070ad00000, 0x000000070ad00000, 0x000000070ae00000|  0%| F|  |TAMS 0x000000070ad00000, 0x000000070ad00000| Untracked 
| 150|0x000000070ae00000, 0x000000070ae00000, 0x000000070af00000|  0%| F|  |TAMS 0x000000070ae00000, 0x000000070ae00000| Untracked 
| 151|0x000000070af00000, 0x000000070af00000, 0x000000070b000000|  0%| F|  |TAMS 0x000000070af00000, 0x000000070af00000| Untracked 
| 152|0x000000070b000000, 0x000000070b000000, 0x000000070b100000|  0%| F|  |TAMS 0x000000070b000000, 0x000000070b000000| Untracked 
| 153|0x000000070b100000, 0x000000070b100000, 0x000000070b200000|  0%| F|  |TAMS 0x000000070b100000, 0x000000070b100000| Untracked 
| 154|0x000000070b200000, 0x000000070b200000, 0x000000070b300000|  0%| F|  |TAMS 0x000000070b200000, 0x000000070b200000| Untracked 
| 155|0x000000070b300000, 0x000000070b300000, 0x000000070b400000|  0%| F|  |TAMS 0x000000070b300000, 0x000000070b300000| Untracked 
| 156|0x000000070b400000, 0x000000070b400000, 0x000000070b500000|  0%| F|  |TAMS 0x000000070b400000, 0x000000070b400000| Untracked 
| 157|0x000000070b500000, 0x000000070b500000, 0x000000070b600000|  0%| F|  |TAMS 0x000000070b500000, 0x000000070b500000| Untracked 
| 158|0x000000070b600000, 0x000000070b600000, 0x000000070b700000|  0%| F|  |TAMS 0x000000070b600000, 0x000000070b600000| Untracked 
| 159|0x000000070b700000, 0x000000070b700000, 0x000000070b800000|  0%| F|  |TAMS 0x000000070b700000, 0x000000070b700000| Untracked 
| 160|0x000000070b800000, 0x000000070b800000, 0x000000070b900000|  0%| F|  |TAMS 0x000000070b800000, 0x000000070b800000| Untracked 
| 161|0x000000070b900000, 0x000000070b900000, 0x000000070ba00000|  0%| F|  |TAMS 0x000000070b900000, 0x000000070b900000| Untracked 
| 162|0x000000070ba00000, 0x000000070ba00000, 0x000000070bb00000|  0%| F|  |TAMS 0x000000070ba00000, 0x000000070ba00000| Untracked 
| 163|0x000000070bb00000, 0x000000070bb00000, 0x000000070bc00000|  0%| F|  |TAMS 0x000000070bb00000, 0x000000070bb00000| Untracked 
| 164|0x000000070bc00000, 0x000000070bc00000, 0x000000070bd00000|  0%| F|  |TAMS 0x000000070bc00000, 0x000000070bc00000| Untracked 
| 165|0x000000070bd00000, 0x000000070bd00000, 0x000000070be00000|  0%| F|  |TAMS 0x000000070bd00000, 0x000000070bd00000| Untracked 
| 166|0x000000070be00000, 0x000000070be00000, 0x000000070bf00000|  0%| F|  |TAMS 0x000000070be00000, 0x000000070be00000| Untracked 
| 167|0x000000070bf00000, 0x000000070bf00000, 0x000000070c000000|  0%| F|  |TAMS 0x000000070bf00000, 0x000000070bf00000| Untracked 
| 168|0x000000070c000000, 0x000000070c000000, 0x000000070c100000|  0%| F|  |TAMS 0x000000070c000000, 0x000000070c000000| Untracked 
| 169|0x000000070c100000, 0x000000070c100000, 0x000000070c200000|  0%| F|  |TAMS 0x000000070c100000, 0x000000070c100000| Untracked 
| 170|0x000000070c200000, 0x000000070c200000, 0x000000070c300000|  0%| F|  |TAMS 0x000000070c200000, 0x000000070c200000| Untracked 
| 171|0x000000070c300000, 0x000000070c300000, 0x000000070c400000|  0%| F|  |TAMS 0x000000070c300000, 0x000000070c300000| Untracked 
| 172|0x000000070c400000, 0x000000070c400000, 0x000000070c500000|  0%| F|  |TAMS 0x000000070c400000, 0x000000070c400000| Untracked 
| 173|0x000000070c500000, 0x000000070c500000, 0x000000070c600000|  0%| F|  |TAMS 0x000000070c500000, 0x000000070c500000| Untracked 
| 174|0x000000070c600000, 0x000000070c600000, 0x000000070c700000|  0%| F|  |TAMS 0x000000070c600000, 0x000000070c600000| Untracked 
| 175|0x000000070c700000, 0x000000070c700000, 0x000000070c800000|  0%| F|  |TAMS 0x000000070c700000, 0x000000070c700000| Untracked 
| 176|0x000000070c800000, 0x000000070c800000, 0x000000070c900000|  0%| F|  |TAMS 0x000000070c800000, 0x000000070c800000| Untracked 
| 177|0x000000070c900000, 0x000000070c900000, 0x000000070ca00000|  0%| F|  |TAMS 0x000000070c900000, 0x000000070c900000| Untracked 
| 178|0x000000070ca00000, 0x000000070ca00000, 0x000000070cb00000|  0%| F|  |TAMS 0x000000070ca00000, 0x000000070ca00000| Untracked 
| 179|0x000000070cb00000, 0x000000070cb00000, 0x000000070cc00000|  0%| F|  |TAMS 0x000000070cb00000, 0x000000070cb00000| Untracked 
| 180|0x000000070cc00000, 0x000000070cc00000, 0x000000070cd00000|  0%| F|  |TAMS 0x000000070cc00000, 0x000000070cc00000| Untracked 
| 181|0x000000070cd00000, 0x000000070cd00000, 0x000000070ce00000|  0%| F|  |TAMS 0x000000070cd00000, 0x000000070cd00000| Untracked 
| 182|0x000000070ce00000, 0x000000070ce00000, 0x000000070cf00000|  0%| F|  |TAMS 0x000000070ce00000, 0x000000070ce00000| Untracked 
| 183|0x000000070cf00000, 0x000000070cf00000, 0x000000070d000000|  0%| F|  |TAMS 0x000000070cf00000, 0x000000070cf00000| Untracked 
| 184|0x000000070d000000, 0x000000070d000000, 0x000000070d100000|  0%| F|  |TAMS 0x000000070d000000, 0x000000070d000000| Untracked 
| 185|0x000000070d100000, 0x000000070d100000, 0x000000070d200000|  0%| F|  |TAMS 0x000000070d100000, 0x000000070d100000| Untracked 
| 186|0x000000070d200000, 0x000000070d200000, 0x000000070d300000|  0%| F|  |TAMS 0x000000070d200000, 0x000000070d200000| Untracked 
| 187|0x000000070d300000, 0x000000070d300000, 0x000000070d400000|  0%| F|  |TAMS 0x000000070d300000, 0x000000070d300000| Untracked 
| 188|0x000000070d400000, 0x000000070d400000, 0x000000070d500000|  0%| F|  |TAMS 0x000000070d400000, 0x000000070d400000| Untracked 
| 189|0x000000070d500000, 0x000000070d500000, 0x000000070d600000|  0%| F|  |TAMS 0x000000070d500000, 0x000000070d500000| Untracked 
| 190|0x000000070d600000, 0x000000070d600000, 0x000000070d700000|  0%| F|  |TAMS 0x000000070d600000, 0x000000070d600000| Untracked 
| 191|0x000000070d700000, 0x000000070d700000, 0x000000070d800000|  0%| F|  |TAMS 0x000000070d700000, 0x000000070d700000| Untracked 
| 192|0x000000070d800000, 0x000000070d800000, 0x000000070d900000|  0%| F|  |TAMS 0x000000070d800000, 0x000000070d800000| Untracked 
| 193|0x000000070d900000, 0x000000070d900000, 0x000000070da00000|  0%| F|  |TAMS 0x000000070d900000, 0x000000070d900000| Untracked 
| 194|0x000000070da00000, 0x000000070da00000, 0x000000070db00000|  0%| F|  |TAMS 0x000000070da00000, 0x000000070da00000| Untracked 
| 195|0x000000070db00000, 0x000000070db00000, 0x000000070dc00000|  0%| F|  |TAMS 0x000000070db00000, 0x000000070db00000| Untracked 
| 196|0x000000070dc00000, 0x000000070dc00000, 0x000000070dd00000|  0%| F|  |TAMS 0x000000070dc00000, 0x000000070dc00000| Untracked 
| 197|0x000000070dd00000, 0x000000070dd00000, 0x000000070de00000|  0%| F|  |TAMS 0x000000070dd00000, 0x000000070dd00000| Untracked 
| 198|0x000000070de00000, 0x000000070de00000, 0x000000070df00000|  0%| F|  |TAMS 0x000000070de00000, 0x000000070de00000| Untracked 
| 199|0x000000070df00000, 0x000000070df00000, 0x000000070e000000|  0%| F|  |TAMS 0x000000070df00000, 0x000000070df00000| Untracked 
| 200|0x000000070e000000, 0x000000070e000000, 0x000000070e100000|  0%| F|  |TAMS 0x000000070e000000, 0x000000070e000000| Untracked 
| 201|0x000000070e100000, 0x000000070e100000, 0x000000070e200000|  0%| F|  |TAMS 0x000000070e100000, 0x000000070e100000| Untracked 
| 202|0x000000070e200000, 0x000000070e200000, 0x000000070e300000|  0%| F|  |TAMS 0x000000070e200000, 0x000000070e200000| Untracked 
| 203|0x000000070e300000, 0x000000070e300000, 0x000000070e400000|  0%| F|  |TAMS 0x000000070e300000, 0x000000070e300000| Untracked 
| 204|0x000000070e400000, 0x000000070e400000, 0x000000070e500000|  0%| F|  |TAMS 0x000000070e400000, 0x000000070e400000| Untracked 
| 205|0x000000070e500000, 0x000000070e500000, 0x000000070e600000|  0%| F|  |TAMS 0x000000070e500000, 0x000000070e500000| Untracked 
| 206|0x000000070e600000, 0x000000070e600000, 0x000000070e700000|  0%| F|  |TAMS 0x000000070e600000, 0x000000070e600000| Untracked 
| 207|0x000000070e700000, 0x000000070e700000, 0x000000070e800000|  0%| F|  |TAMS 0x000000070e700000, 0x000000070e700000| Untracked 
| 208|0x000000070e800000, 0x000000070e800000, 0x000000070e900000|  0%| F|  |TAMS 0x000000070e800000, 0x000000070e800000| Untracked 
| 209|0x000000070e900000, 0x000000070e900000, 0x000000070ea00000|  0%| F|  |TAMS 0x000000070e900000, 0x000000070e900000| Untracked 
| 210|0x000000070ea00000, 0x000000070ea00000, 0x000000070eb00000|  0%| F|  |TAMS 0x000000070ea00000, 0x000000070ea00000| Untracked 
| 211|0x000000070eb00000, 0x000000070eb00000, 0x000000070ec00000|  0%| F|  |TAMS 0x000000070eb00000, 0x000000070eb00000| Untracked 
| 212|0x000000070ec00000, 0x000000070ec00000, 0x000000070ed00000|  0%| F|  |TAMS 0x000000070ec00000, 0x000000070ec00000| Untracked 
| 213|0x000000070ed00000, 0x000000070ed00000, 0x000000070ee00000|  0%| F|  |TAMS 0x000000070ed00000, 0x000000070ed00000| Untracked 
| 214|0x000000070ee00000, 0x000000070ee00000, 0x000000070ef00000|  0%| F|  |TAMS 0x000000070ee00000, 0x000000070ee00000| Untracked 
| 215|0x000000070ef00000, 0x000000070ef00000, 0x000000070f000000|  0%| F|  |TAMS 0x000000070ef00000, 0x000000070ef00000| Untracked 
| 216|0x000000070f000000, 0x000000070f000000, 0x000000070f100000|  0%| F|  |TAMS 0x000000070f000000, 0x000000070f000000| Untracked 
| 217|0x000000070f100000, 0x000000070f100000, 0x000000070f200000|  0%| F|  |TAMS 0x000000070f100000, 0x000000070f100000| Untracked 
| 218|0x000000070f200000, 0x000000070f200000, 0x000000070f300000|  0%| F|  |TAMS 0x000000070f200000, 0x000000070f200000| Untracked 
| 219|0x000000070f300000, 0x000000070f300000, 0x000000070f400000|  0%| F|  |TAMS 0x000000070f300000, 0x000000070f300000| Untracked 
| 220|0x000000070f400000, 0x000000070f400000, 0x000000070f500000|  0%| F|  |TAMS 0x000000070f400000, 0x000000070f400000| Untracked 
| 221|0x000000070f500000, 0x000000070f500000, 0x000000070f600000|  0%| F|  |TAMS 0x000000070f500000, 0x000000070f500000| Untracked 
| 222|0x000000070f600000, 0x000000070f600000, 0x000000070f700000|  0%| F|  |TAMS 0x000000070f600000, 0x000000070f600000| Untracked 
| 223|0x000000070f700000, 0x000000070f700000, 0x000000070f800000|  0%| F|  |TAMS 0x000000070f700000, 0x000000070f700000| Untracked 
| 224|0x000000070f800000, 0x000000070f800000, 0x000000070f900000|  0%| F|  |TAMS 0x000000070f800000, 0x000000070f800000| Untracked 
| 225|0x000000070f900000, 0x000000070f900000, 0x000000070fa00000|  0%| F|  |TAMS 0x000000070f900000, 0x000000070f900000| Untracked 
| 226|0x000000070fa00000, 0x000000070fa00000, 0x000000070fb00000|  0%| F|  |TAMS 0x000000070fa00000, 0x000000070fa00000| Untracked 
| 227|0x000000070fb00000, 0x000000070fb00000, 0x000000070fc00000|  0%| F|  |TAMS 0x000000070fb00000, 0x000000070fb00000| Untracked 
| 228|0x000000070fc00000, 0x000000070fc00000, 0x000000070fd00000|  0%| F|  |TAMS 0x000000070fc00000, 0x000000070fc00000| Untracked 
| 229|0x000000070fd00000, 0x000000070fd00000, 0x000000070fe00000|  0%| F|  |TAMS 0x000000070fd00000, 0x000000070fd00000| Untracked 
| 230|0x000000070fe00000, 0x000000070fe00000, 0x000000070ff00000|  0%| F|  |TAMS 0x000000070fe00000, 0x000000070fe00000| Untracked 
| 231|0x000000070ff00000, 0x000000070ff00000, 0x0000000710000000|  0%| F|  |TAMS 0x000000070ff00000, 0x000000070ff00000| Untracked 
| 232|0x0000000710000000, 0x0000000710000000, 0x0000000710100000|  0%| F|  |TAMS 0x0000000710000000, 0x0000000710000000| Untracked 
| 233|0x0000000710100000, 0x0000000710100000, 0x0000000710200000|  0%| F|  |TAMS 0x0000000710100000, 0x0000000710100000| Untracked 
| 234|0x0000000710200000, 0x0000000710200000, 0x0000000710300000|  0%| F|  |TAMS 0x0000000710200000, 0x0000000710200000| Untracked 
| 235|0x0000000710300000, 0x0000000710300000, 0x0000000710400000|  0%| F|  |TAMS 0x0000000710300000, 0x0000000710300000| Untracked 
| 236|0x0000000710400000, 0x0000000710400000, 0x0000000710500000|  0%| F|  |TAMS 0x0000000710400000, 0x0000000710400000| Untracked 
| 237|0x0000000710500000, 0x0000000710500000, 0x0000000710600000|  0%| F|  |TAMS 0x0000000710500000, 0x0000000710500000| Untracked 
| 238|0x0000000710600000, 0x0000000710600000, 0x0000000710700000|  0%| F|  |TAMS 0x0000000710600000, 0x0000000710600000| Untracked 
| 239|0x0000000710700000, 0x0000000710700000, 0x0000000710800000|  0%| F|  |TAMS 0x0000000710700000, 0x0000000710700000| Untracked 
| 240|0x0000000710800000, 0x0000000710800000, 0x0000000710900000|  0%| F|  |TAMS 0x0000000710800000, 0x0000000710800000| Untracked 
| 241|0x0000000710900000, 0x0000000710900000, 0x0000000710a00000|  0%| F|  |TAMS 0x0000000710900000, 0x0000000710900000| Untracked 
| 242|0x0000000710a00000, 0x0000000710a00000, 0x0000000710b00000|  0%| F|  |TAMS 0x0000000710a00000, 0x0000000710a00000| Untracked 
| 243|0x0000000710b00000, 0x0000000710b00000, 0x0000000710c00000|  0%| F|  |TAMS 0x0000000710b00000, 0x0000000710b00000| Untracked 
| 244|0x0000000710c00000, 0x0000000710c00000, 0x0000000710d00000|  0%| F|  |TAMS 0x0000000710c00000, 0x0000000710c00000| Untracked 
| 245|0x0000000710d00000, 0x0000000710d00000, 0x0000000710e00000|  0%| F|  |TAMS 0x0000000710d00000, 0x0000000710d00000| Untracked 
| 246|0x0000000710e00000, 0x0000000710e00000, 0x0000000710f00000|  0%| F|  |TAMS 0x0000000710e00000, 0x0000000710e00000| Untracked 
| 247|0x0000000710f00000, 0x0000000710f00000, 0x0000000711000000|  0%| F|  |TAMS 0x0000000710f00000, 0x0000000710f00000| Untracked 
| 248|0x0000000711000000, 0x0000000711000000, 0x0000000711100000|  0%| F|  |TAMS 0x0000000711000000, 0x0000000711000000| Untracked 
| 249|0x0000000711100000, 0x0000000711100000, 0x0000000711200000|  0%| F|  |TAMS 0x0000000711100000, 0x0000000711100000| Untracked 
| 250|0x0000000711200000, 0x0000000711200000, 0x0000000711300000|  0%| F|  |TAMS 0x0000000711200000, 0x0000000711200000| Untracked 
| 251|0x0000000711300000, 0x0000000711300000, 0x0000000711400000|  0%| F|  |TAMS 0x0000000711300000, 0x0000000711300000| Untracked 
| 252|0x0000000711400000, 0x0000000711400000, 0x0000000711500000|  0%| F|  |TAMS 0x0000000711400000, 0x0000000711400000| Untracked 
| 253|0x0000000711500000, 0x0000000711500000, 0x0000000711600000|  0%| F|  |TAMS 0x0000000711500000, 0x0000000711500000| Untracked 
| 254|0x0000000711600000, 0x0000000711600000, 0x0000000711700000|  0%| F|  |TAMS 0x0000000711600000, 0x0000000711600000| Untracked 
| 255|0x0000000711700000, 0x0000000711700000, 0x0000000711800000|  0%| F|  |TAMS 0x0000000711700000, 0x0000000711700000| Untracked 
| 256|0x0000000711800000, 0x0000000711800000, 0x0000000711900000|  0%| F|  |TAMS 0x0000000711800000, 0x0000000711800000| Untracked 
| 257|0x0000000711900000, 0x0000000711900000, 0x0000000711a00000|  0%| F|  |TAMS 0x0000000711900000, 0x0000000711900000| Untracked 
| 258|0x0000000711a00000, 0x0000000711a00000, 0x0000000711b00000|  0%| F|  |TAMS 0x0000000711a00000, 0x0000000711a00000| Untracked 
| 259|0x0000000711b00000, 0x0000000711b00000, 0x0000000711c00000|  0%| F|  |TAMS 0x0000000711b00000, 0x0000000711b00000| Untracked 
| 260|0x0000000711c00000, 0x0000000711c00000, 0x0000000711d00000|  0%| F|  |TAMS 0x0000000711c00000, 0x0000000711c00000| Untracked 
| 261|0x0000000711d00000, 0x0000000711d00000, 0x0000000711e00000|  0%| F|  |TAMS 0x0000000711d00000, 0x0000000711d00000| Untracked 
| 262|0x0000000711e00000, 0x0000000711e00000, 0x0000000711f00000|  0%| F|  |TAMS 0x0000000711e00000, 0x0000000711e00000| Untracked 
| 263|0x0000000711f00000, 0x0000000711f00000, 0x0000000712000000|  0%| F|  |TAMS 0x0000000711f00000, 0x0000000711f00000| Untracked 
| 264|0x0000000712000000, 0x0000000712000000, 0x0000000712100000|  0%| F|  |TAMS 0x0000000712000000, 0x0000000712000000| Untracked 
| 265|0x0000000712100000, 0x0000000712100000, 0x0000000712200000|  0%| F|  |TAMS 0x0000000712100000, 0x0000000712100000| Untracked 
| 266|0x0000000712200000, 0x0000000712200000, 0x0000000712300000|  0%| F|  |TAMS 0x0000000712200000, 0x0000000712200000| Untracked 
| 267|0x0000000712300000, 0x0000000712300000, 0x0000000712400000|  0%| F|  |TAMS 0x0000000712300000, 0x0000000712300000| Untracked 
| 268|0x0000000712400000, 0x0000000712400000, 0x0000000712500000|  0%| F|  |TAMS 0x0000000712400000, 0x0000000712400000| Untracked 
| 269|0x0000000712500000, 0x0000000712500000, 0x0000000712600000|  0%| F|  |TAMS 0x0000000712500000, 0x0000000712500000| Untracked 
| 270|0x0000000712600000, 0x0000000712600000, 0x0000000712700000|  0%| F|  |TAMS 0x0000000712600000, 0x0000000712600000| Untracked 
| 271|0x0000000712700000, 0x0000000712700000, 0x0000000712800000|  0%| F|  |TAMS 0x0000000712700000, 0x0000000712700000| Untracked 
| 272|0x0000000712800000, 0x0000000712800000, 0x0000000712900000|  0%| F|  |TAMS 0x0000000712800000, 0x0000000712800000| Untracked 
| 273|0x0000000712900000, 0x0000000712900000, 0x0000000712a00000|  0%| F|  |TAMS 0x0000000712900000, 0x0000000712900000| Untracked 
| 274|0x0000000712a00000, 0x0000000712a00000, 0x0000000712b00000|  0%| F|  |TAMS 0x0000000712a00000, 0x0000000712a00000| Untracked 
| 275|0x0000000712b00000, 0x0000000712b00000, 0x0000000712c00000|  0%| F|  |TAMS 0x0000000712b00000, 0x0000000712b00000| Untracked 
| 276|0x0000000712c00000, 0x0000000712c00000, 0x0000000712d00000|  0%| F|  |TAMS 0x0000000712c00000, 0x0000000712c00000| Untracked 
| 277|0x0000000712d00000, 0x0000000712d00000, 0x0000000712e00000|  0%| F|  |TAMS 0x0000000712d00000, 0x0000000712d00000| Untracked 
| 278|0x0000000712e00000, 0x0000000712e00000, 0x0000000712f00000|  0%| F|  |TAMS 0x0000000712e00000, 0x0000000712e00000| Untracked 
| 279|0x0000000712f00000, 0x0000000712f00000, 0x0000000713000000|  0%| F|  |TAMS 0x0000000712f00000, 0x0000000712f00000| Untracked 
| 280|0x0000000713000000, 0x0000000713000000, 0x0000000713100000|  0%| F|  |TAMS 0x0000000713000000, 0x0000000713000000| Untracked 
| 281|0x0000000713100000, 0x0000000713100000, 0x0000000713200000|  0%| F|  |TAMS 0x0000000713100000, 0x0000000713100000| Untracked 
| 282|0x0000000713200000, 0x0000000713200000, 0x0000000713300000|  0%| F|  |TAMS 0x0000000713200000, 0x0000000713200000| Untracked 
| 283|0x0000000713300000, 0x0000000713340f90, 0x0000000713400000| 25%| S|CS|TAMS 0x0000000713300000, 0x0000000713300000| Complete 
| 284|0x0000000713400000, 0x0000000713500000, 0x0000000713500000|100%| S|CS|TAMS 0x0000000713400000, 0x0000000713400000| Complete 
| 285|0x0000000713500000, 0x0000000713600000, 0x0000000713600000|100%| S|CS|TAMS 0x0000000713500000, 0x0000000713500000| Complete 
| 286|0x0000000713600000, 0x0000000713700000, 0x0000000713700000|100%| S|CS|TAMS 0x0000000713600000, 0x0000000713600000| Complete 
| 287|0x0000000713700000, 0x0000000713800000, 0x0000000713800000|100%| S|CS|TAMS 0x0000000713700000, 0x0000000713700000| Complete 
| 288|0x0000000713800000, 0x0000000713800000, 0x0000000713900000|  0%| F|  |TAMS 0x0000000713800000, 0x0000000713800000| Untracked 
| 289|0x0000000713900000, 0x0000000713900000, 0x0000000713a00000|  0%| F|  |TAMS 0x0000000713900000, 0x0000000713900000| Untracked 
| 290|0x0000000713a00000, 0x0000000713a00000, 0x0000000713b00000|  0%| F|  |TAMS 0x0000000713a00000, 0x0000000713a00000| Untracked 
| 291|0x0000000713b00000, 0x0000000713b00000, 0x0000000713c00000|  0%| F|  |TAMS 0x0000000713b00000, 0x0000000713b00000| Untracked 
| 292|0x0000000713c00000, 0x0000000713c00000, 0x0000000713d00000|  0%| F|  |TAMS 0x0000000713c00000, 0x0000000713c00000| Untracked 
| 293|0x0000000713d00000, 0x0000000713d00000, 0x0000000713e00000|  0%| F|  |TAMS 0x0000000713d00000, 0x0000000713d00000| Untracked 
| 294|0x0000000713e00000, 0x0000000713e00000, 0x0000000713f00000|  0%| F|  |TAMS 0x0000000713e00000, 0x0000000713e00000| Untracked 
| 295|0x0000000713f00000, 0x0000000713f00000, 0x0000000714000000|  0%| F|  |TAMS 0x0000000713f00000, 0x0000000713f00000| Untracked 
| 296|0x0000000714000000, 0x0000000714000000, 0x0000000714100000|  0%| F|  |TAMS 0x0000000714000000, 0x0000000714000000| Untracked 
| 297|0x0000000714100000, 0x0000000714100000, 0x0000000714200000|  0%| F|  |TAMS 0x0000000714100000, 0x0000000714100000| Untracked 
| 298|0x0000000714200000, 0x0000000714200000, 0x0000000714300000|  0%| F|  |TAMS 0x0000000714200000, 0x0000000714200000| Untracked 
| 299|0x0000000714300000, 0x0000000714300000, 0x0000000714400000|  0%| F|  |TAMS 0x0000000714300000, 0x0000000714300000| Untracked 
| 300|0x0000000714400000, 0x0000000714400000, 0x0000000714500000|  0%| F|  |TAMS 0x0000000714400000, 0x0000000714400000| Untracked 
| 301|0x0000000714500000, 0x0000000714600000, 0x0000000714600000|100%| E|  |TAMS 0x0000000714500000, 0x0000000714500000| Complete 
| 302|0x0000000714600000, 0x0000000714700000, 0x0000000714700000|100%| E|CS|TAMS 0x0000000714600000, 0x0000000714600000| Complete 
| 303|0x0000000714700000, 0x0000000714800000, 0x0000000714800000|100%| E|CS|TAMS 0x0000000714700000, 0x0000000714700000| Complete 
| 304|0x0000000714800000, 0x0000000714900000, 0x0000000714900000|100%| E|CS|TAMS 0x0000000714800000, 0x0000000714800000| Complete 
| 305|0x0000000714900000, 0x0000000714a00000, 0x0000000714a00000|100%| E|CS|TAMS 0x0000000714900000, 0x0000000714900000| Complete 
| 306|0x0000000714a00000, 0x0000000714b00000, 0x0000000714b00000|100%| E|CS|TAMS 0x0000000714a00000, 0x0000000714a00000| Complete 
| 307|0x0000000714b00000, 0x0000000714c00000, 0x0000000714c00000|100%| E|CS|TAMS 0x0000000714b00000, 0x0000000714b00000| Complete 

Card table byte_map: [0x000001db3bfc0000,0x000001db3c7c0000] _byte_map_base: 0x000001db387b4000

Marking Bits (Prev, Next): (CMBitMap*) 0x000001db24e17fb0, (CMBitMap*) 0x000001db24e17f78
 Prev Bits: [0x000001db40f60000, 0x000001db44f00000)
 Next Bits: [0x000001db3cfc0000, 0x000001db40f60000)

Polling page: 0x000001db22d80000

Metaspace:

Usage:
  Non-class:     52.06 MB capacity,    51.64 MB (>99%) used,   319.59 KB ( <1%) free+waste,   104.62 KB ( <1%) overhead. 
      Class:      7.07 MB capacity,     6.74 MB ( 95%) used,   294.27 KB (  4%) free+waste,    48.06 KB ( <1%) overhead. 
       Both:     59.13 MB capacity,    58.38 MB ( 99%) used,   613.86 KB (  1%) free+waste,   152.69 KB ( <1%) overhead. 

Virtual space:
  Non-class space:       54.00 MB reserved,      52.28 MB ( 97%) committed 
      Class space:        1.00 GB reserved,       7.18 MB ( <1%) committed 
             Both:        1.05 GB reserved,      59.46 MB (  6%) committed 

Chunk freelists:
   Non-Class:  2.75 KB
       Class:  3.00 KB
        Both:  5.75 KB

CodeHeap 'non-profiled nmethods': size=120000Kb used=4392Kb max_used=4392Kb free=115607Kb
 bounds [0x000001db33f60000, 0x000001db343b0000, 0x000001db3b490000]
CodeHeap 'profiled nmethods': size=120000Kb used=19377Kb max_used=19377Kb free=100622Kb
 bounds [0x000001db2ca30000, 0x000001db2dd20000, 0x000001db33f60000]
CodeHeap 'non-nmethods': size=5760Kb used=1229Kb max_used=1285Kb free=4530Kb
 bounds [0x000001db2c490000, 0x000001db2c700000, 0x000001db2ca30000]
 total_blobs=8065 nmethods=7485 adapters=490
 compilation: enabled
              stopped_count=0, restarted_count=0
 full_count=0

Compilation events (10 events):
Event: 14.074 Thread 0x000001db4833c800 7518       3       org.jetbrains.kotlin.load.java.typeEnhancement.EnhancedTypeAnnotations::hasAnnotation (6 bytes)
Event: 14.075 Thread 0x000001db4833c800 nmethod 7518 0x000001db2dd10f10 code [0x000001db2dd111e0, 0x000001db2dd12068]
Event: 14.075 Thread 0x000001db4833c800 7519       3       org.jetbrains.kotlin.load.java.typeEnhancement.EnhancedTypeAnnotations::findAnnotation (9 bytes)
Event: 14.076 Thread 0x000001db4833c800 nmethod 7519 0x000001db2dd12510 code [0x000001db2dd12760, 0x000001db2dd13108]
Event: 14.076 Thread 0x000001db4833c800 7520       3       org.jetbrains.kotlin.types.SimpleTypeImpl::replaceAnnotations (38 bytes)
Event: 14.077 Thread 0x000001db4833c800 nmethod 7520 0x000001db2dd13410 code [0x000001db2dd13720, 0x000001db2dd14848]
Event: 14.077 Thread 0x000001db4833c800 7521       3       org.jetbrains.kotlin.descriptors.impl.ReceiverParameterDescriptorImpl::getValue (13 bytes)
Event: 14.077 Thread 0x000001db4833c800 nmethod 7521 0x000001db2dd14e90 code [0x000001db2dd15040, 0x000001db2dd151c8]
Event: 14.077 Thread 0x000001db4833c800 7522       3       org.jetbrains.kotlin.descriptors.impl.ReceiverParameterDescriptorImpl::getContainingDeclaration (13 bytes)
Event: 14.078 Thread 0x000001db4833c800 nmethod 7522 0x000001db2dd15290 code [0x000001db2dd15440, 0x000001db2dd155c8]

GC Heap History (10 events):
Event: 4.788 GC heap before
{Heap before GC invocations=5 (full 0):
 garbage-first heap   total 262144K, used 30404K [0x0000000701800000, 0x0000000800000000)
  region size 1024K, 11 young (11264K), 2 survivors (2048K)
 Metaspace       used 35354K, capacity 35745K, committed 35920K, reserved 1081344K
  class space    used 4391K, capacity 4570K, committed 4608K, reserved 1048576K
}
Event: 4.790 GC heap after
{Heap after GC invocations=6 (full 0):
 garbage-first heap   total 262144K, used 20603K [0x0000000701800000, 0x0000000800000000)
  region size 1024K, 2 young (2048K), 2 survivors (2048K)
 Metaspace       used 35354K, capacity 35745K, committed 35920K, reserved 1081344K
  class space    used 4391K, capacity 4570K, committed 4608K, reserved 1048576K
}
Event: 7.935 GC heap before
{Heap before GC invocations=7 (full 0):
 garbage-first heap   total 262144K, used 110715K [0x0000000701800000, 0x0000000800000000)
  region size 1024K, 87 young (89088K), 2 survivors (2048K)
 Metaspace       used 49084K, capacity 49594K, committed 49616K, reserved 1093632K
  class space    used 5764K, capacity 5995K, committed 6016K, reserved 1048576K
}
Event: 7.949 GC heap after
{Heap after GC invocations=8 (full 0):
 garbage-first heap   total 262144K, used 36156K [0x0000000701800000, 0x0000000800000000)
  region size 1024K, 11 young (11264K), 11 survivors (11264K)
 Metaspace       used 49084K, capacity 49594K, committed 49616K, reserved 1093632K
  class space    used 5764K, capacity 5995K, committed 6016K, reserved 1048576K
}
Event: 8.491 GC heap before
{Heap before GC invocations=8 (full 0):
 garbage-first heap   total 262144K, used 50492K [0x0000000701800000, 0x0000000800000000)
  region size 1024K, 25 young (25600K), 11 survivors (11264K)
 Metaspace       used 49486K, capacity 50006K, committed 50128K, reserved 1093632K
  class space    used 5783K, capacity 6002K, committed 6016K, reserved 1048576K
}
Event: 8.504 GC heap after
{Heap after GC invocations=9 (full 0):
 garbage-first heap   total 262144K, used 38453K [0x0000000701800000, 0x0000000800000000)
  region size 1024K, 2 young (2048K), 2 survivors (2048K)
 Metaspace       used 49486K, capacity 50006K, committed 50128K, reserved 1093632K
  class space    used 5783K, capacity 6002K, committed 6016K, reserved 1048576K
}
Event: 12.413 GC heap before
{Heap before GC invocations=9 (full 0):
 garbage-first heap   total 262144K, used 123445K [0x0000000701800000, 0x0000000800000000)
  region size 1024K, 85 young (87040K), 2 survivors (2048K)
 Metaspace       used 59120K, capacity 59849K, committed 59984K, reserved 1101824K
  class space    used 6812K, capacity 7135K, committed 7168K, reserved 1048576K
}
Event: 12.430 GC heap after
{Heap after GC invocations=10 (full 0):
 garbage-first heap   total 315392K, used 51200K [0x0000000701800000, 0x0000000800000000)
  region size 1024K, 11 young (11264K), 11 survivors (11264K)
 Metaspace       used 59120K, capacity 59849K, committed 59984K, reserved 1101824K
  class space    used 6812K, capacity 7135K, committed 7168K, reserved 1048576K
}
Event: 13.535 GC heap before
{Heap before GC invocations=10 (full 0):
 garbage-first heap   total 315392K, used 70656K [0x0000000701800000, 0x0000000800000000)
  region size 1024K, 31 young (31744K), 11 survivors (11264K)
 Metaspace       used 59509K, capacity 60217K, committed 60296K, reserved 1101824K
  class space    used 6854K, capacity 7173K, committed 7224K, reserved 1048576K
}
Event: 13.551 GC heap after
{Heap after GC invocations=11 (full 0):
 garbage-first heap   total 315392K, used 55797K [0x0000000701800000, 0x0000000800000000)
  region size 1024K, 5 young (5120K), 5 survivors (5120K)
 Metaspace       used 59509K, capacity 60217K, committed 60296K, reserved 1101824K
  class space    used 6854K, capacity 7173K, committed 7224K, reserved 1048576K
}

Deoptimization events (10 events):
Event: 13.613 Thread 0x000001db24db7000 Uncommon trap: reason=unstable_if action=reinterpret pc=0x000001db34098cc8 method=org.jetbrains.kotlin.com.intellij.psi.tree.TokenSet.contains(Lorg/jetbrains/kotlin/com/intellij/psi/tree/IElementType;)Z @ 1 c2
Event: 13.615 Thread 0x000001db24db7000 Uncommon trap: reason=bimorphic_or_optimized_type_check action=maybe_recompile pc=0x000001db34314300 method=org.jetbrains.kotlin.builtins.KotlinBuiltIns.isUnderKotlinPackage(Lorg/jetbrains/kotlin/descriptors/DeclarationDescriptor;)Z @ 39 c2
Event: 13.617 Thread 0x000001db24db7000 Uncommon trap: reason=bimorphic_or_optimized_type_check action=maybe_recompile pc=0x000001db343306f4 method=kotlin.sequences.FlatteningSequence$iterator$1.ensureItemIterator()Z @ 59 c2
Event: 13.617 Thread 0x000001db24db7000 Uncommon trap: reason=bimorphic_or_optimized_type_check action=maybe_recompile pc=0x000001db343306f4 method=kotlin.sequences.FlatteningSequence$iterator$1.ensureItemIterator()Z @ 59 c2
Event: 13.625 Thread 0x000001db24db7000 Uncommon trap: reason=bimorphic_or_optimized_type_check action=maybe_recompile pc=0x000001db34314300 method=org.jetbrains.kotlin.builtins.KotlinBuiltIns.isUnderKotlinPackage(Lorg/jetbrains/kotlin/descriptors/DeclarationDescriptor;)Z @ 39 c2
Event: 13.719 Thread 0x000001db24db7000 Uncommon trap: reason=class_check action=maybe_recompile pc=0x000001db3437d378 method=org.jetbrains.kotlin.descriptors.impl.FunctionDescriptorImpl.doSubstitute(Lorg/jetbrains/kotlin/descriptors/impl/FunctionDescriptorImpl$CopyConfiguration;)Lorg/jetbrains
Event: 13.719 Thread 0x000001db24db7000 Uncommon trap: reason=class_check action=maybe_recompile pc=0x000001db3437c0e8 method=org.jetbrains.kotlin.descriptors.impl.FunctionDescriptorImpl.doSubstitute(Lorg/jetbrains/kotlin/descriptors/impl/FunctionDescriptorImpl$CopyConfiguration;)Lorg/jetbrains
Event: 13.719 Thread 0x000001db24db7000 Uncommon trap: reason=class_check action=maybe_recompile pc=0x000001db3437c0e8 method=org.jetbrains.kotlin.descriptors.impl.FunctionDescriptorImpl.doSubstitute(Lorg/jetbrains/kotlin/descriptors/impl/FunctionDescriptorImpl$CopyConfiguration;)Lorg/jetbrains
Event: 13.719 Thread 0x000001db24db7000 Uncommon trap: reason=class_check action=maybe_recompile pc=0x000001db3437c0e8 method=org.jetbrains.kotlin.descriptors.impl.FunctionDescriptorImpl.doSubstitute(Lorg/jetbrains/kotlin/descriptors/impl/FunctionDescriptorImpl$CopyConfiguration;)Lorg/jetbrains
Event: 13.721 Thread 0x000001db24db7000 Uncommon trap: reason=class_check action=maybe_recompile pc=0x000001db342e1e44 method=org.jetbrains.org.objectweb.asm.ClassReader.readElementValue(Lorg/jetbrains/org/objectweb/asm/AnnotationVisitor;ILjava/lang/String;[C)I @ 1022 c2

Classes redefined (0 events):
No events

Internal exceptions (10 events):
Event: 9.874 Thread 0x000001db24db7000 Exception <a 'java/lang/NoSuchMethodError'{0x000000070f5b9ae0}: java.lang.invoke.DirectMethodHandle$Holder.invokeStaticInit(Ljava/lang/Object;Ljava/lang/Object;Ljava/lang/Object;)Ljava/lang/Object;> (0x000000070f5b9ae0) thrown at [./open/src/hotspot/share
Event: 9.933 Thread 0x000001db24db7000 Exception <a 'java/lang/NoSuchMethodError'{0x000000070f31bd58}: java.lang.invoke.DirectMethodHandle$Holder.invokeStatic(Ljava/lang/Object;Ljava/lang/Object;Ljava/lang/Object;Ljava/lang/Object;Ljava/lang/Object;)I> (0x000000070f31bd58) thrown at [./open/sr
Event: 9.978 Thread 0x000001db24db7000 Exception <a 'java/lang/NoSuchMethodError'{0x000000070f280b10}: java.lang.invoke.DirectMethodHandle$Holder.invokeInterface(Ljava/lang/Object;Ljava/lang/Object;)V> (0x000000070f280b10) thrown at [./open/src/hotspot/share/interpreter/linkResolver.cpp, line 
Event: 11.443 Thread 0x000001db24db7000 Exception <a 'java/lang/NoSuchMethodError'{0x000000070e024338}: java.lang.invoke.DirectMethodHandle$Holder.invokeInterface(Ljava/lang/Object;Ljava/lang/Object;)I> (0x000000070e024338) thrown at [./open/src/hotspot/share/interpreter/linkResolver.cpp, line 
Event: 13.258 Thread 0x000001db24db7000 Exception <a 'java/lang/NoSuchMethodError'{0x0000000713d512f8}: java.lang.invoke.DirectMethodHandle$Holder.invokeStatic(Ljava/lang/Object;ILjava/lang/Object;Ljava/lang/Object;)Ljava/lang/Object;> (0x0000000713d512f8) thrown at [./open/src/hotspot/share/in
Event: 13.258 Thread 0x000001db24db7000 Exception <a 'java/lang/NoSuchMethodError'{0x0000000713d58ab8}: java.lang.invoke.DirectMethodHandle$Holder.invokeStatic(Ljava/lang/Object;ILjava/lang/Object;)Ljava/lang/Object;> (0x0000000713d58ab8) thrown at [./open/src/hotspot/share/interpreter/linkReso
Event: 13.519 Thread 0x000001db24db7000 Exception <a 'java/lang/NoSuchMethodError'{0x000000071399d4e8}: java.lang.invoke.Invokers$Holder.linkToTargetMethod(Ljava/lang/Object;Ljava/lang/Object;Ljava/lang/Object;Ljava/lang/Object;Ljava/lang/Object;Ljava/lang/Object;)Ljava/lang/Object;> (0x0000000
Event: 13.531 Thread 0x000001db24db7000 Implicit null exception at 0x000001db34215293 to 0x000001db34215670
Event: 13.612 Thread 0x000001db24db7000 Implicit null exception at 0x000001db342ac93e to 0x000001db342acd7c
Event: 13.613 Thread 0x000001db24db7000 Implicit null exception at 0x000001db34098bcc to 0x000001db34098cb4

Events (10 events):
Event: 13.719 Thread 0x000001db24db7000 DEOPT UNPACKING pc=0x000001db2c4b682f sp=0x000000b3eebfcc18 mode 2
Event: 13.719 Thread 0x000001db24db7000 Uncommon trap: trap_request=0xffffffde fr.pc=0x000001db3437c0e8 relative=0x00000000000042e8
Event: 13.719 Thread 0x000001db24db7000 DEOPT PACKING pc=0x000001db3437c0e8 sp=0x000000b3eebfd3a0
Event: 13.719 Thread 0x000001db24db7000 DEOPT UNPACKING pc=0x000001db2c4b682f sp=0x000000b3eebfd3d8 mode 2
Event: 13.719 Thread 0x000001db24db7000 Uncommon trap: trap_request=0xffffffde fr.pc=0x000001db3437c0e8 relative=0x00000000000042e8
Event: 13.719 Thread 0x000001db24db7000 DEOPT PACKING pc=0x000001db3437c0e8 sp=0x000000b3eebfd100
Event: 13.719 Thread 0x000001db24db7000 DEOPT UNPACKING pc=0x000001db2c4b682f sp=0x000000b3eebfd138 mode 2
Event: 13.721 Thread 0x000001db24db7000 Uncommon trap: trap_request=0xffffffde fr.pc=0x000001db342e1e44 relative=0x0000000000001fa4
Event: 13.721 Thread 0x000001db24db7000 DEOPT PACKING pc=0x000001db342e1e44 sp=0x000000b3eebfb950
Event: 13.721 Thread 0x000001db24db7000 DEOPT UNPACKING pc=0x000001db2c4b682f sp=0x000000b3eebfb8c0 mode 2


Dynamic libraries:
0x00007ff6a5980000 - 0x00007ff6a5990000 	D:\jdk11\bin\java.exe
0x00007fff408f0000 - 0x00007fff40ae8000 	C:\Windows\SYSTEM32\ntdll.dll
0x00007fff3f720000 - 0x00007fff3f7df000 	C:\Windows\System32\KERNEL32.DLL
0x00007fff3e4c0000 - 0x00007fff3e792000 	C:\Windows\System32\KERNELBASE.dll
0x00007fff3e280000 - 0x00007fff3e380000 	C:\Windows\System32\ucrtbase.dll
0x00007fff241d0000 - 0x00007fff241eb000 	D:\jdk11\bin\VCRUNTIME140.dll
0x00007fff2c1b0000 - 0x00007fff2c1c8000 	D:\jdk11\bin\jli.dll
0x00007fff3fad0000 - 0x00007fff3fb7e000 	C:\Windows\System32\ADVAPI32.dll
0x00007fff3f990000 - 0x00007fff3fa2e000 	C:\Windows\System32\msvcrt.dll
0x00007fff3fa30000 - 0x00007fff3facc000 	C:\Windows\System32\sechost.dll
0x00007fff3f7f0000 - 0x00007fff3f915000 	C:\Windows\System32\RPCRT4.dll
0x00007fff3ef20000 - 0x00007fff3f0c1000 	C:\Windows\System32\USER32.dll
0x00007fff3e900000 - 0x00007fff3e922000 	C:\Windows\System32\win32u.dll
0x00007fff3e930000 - 0x00007fff3e95b000 	C:\Windows\System32\GDI32.dll
0x00007fff3e3b0000 - 0x00007fff3e4bf000 	C:\Windows\System32\gdi32full.dll
0x00007fff3e0e0000 - 0x00007fff3e17d000 	C:\Windows\System32\msvcp_win.dll
0x00007fff2e8d0000 - 0x00007fff2eb6a000 	C:\Windows\WinSxS\amd64_microsoft.windows.common-controls_6595b64144ccf1df_6.0.19041.1110_none_60b5254171f9507e\COMCTL32.dll
0x00007fff30390000 - 0x00007fff3039a000 	C:\Windows\SYSTEM32\VERSION.dll
0x00007fff3f250000 - 0x00007fff3f282000 	C:\Windows\System32\IMM32.DLL
0x00007fff2d3c0000 - 0x00007fff2d3cc000 	D:\jdk11\bin\vcruntime140_1.dll
0x00007ffefae60000 - 0x00007ffefaeee000 	D:\jdk11\bin\msvcp140.dll
0x00007ffedc870000 - 0x00007ffedd3d8000 	D:\jdk11\bin\server\jvm.dll
0x00007fff3ea90000 - 0x00007fff3ea98000 	C:\Windows\System32\PSAPI.DLL
0x00007fff2d3b0000 - 0x00007fff2d3b9000 	C:\Windows\SYSTEM32\WSOCK32.dll
0x00007fff3f920000 - 0x00007fff3f98b000 	C:\Windows\System32\WS2_32.dll
0x00007fff301b0000 - 0x00007fff301d7000 	C:\Windows\SYSTEM32\WINMM.dll
0x00007fff3c830000 - 0x00007fff3c842000 	C:\Windows\SYSTEM32\kernel.appcore.dll
0x00007fff26240000 - 0x00007fff26250000 	D:\jdk11\bin\verify.dll
0x00007fff33fa0000 - 0x00007fff34184000 	C:\Windows\SYSTEM32\DBGHELP.DLL
0x00007fff2be20000 - 0x00007fff2be55000 	C:\Windows\SYSTEM32\dbgcore.DLL
0x00007fff3dfe0000 - 0x00007fff3e062000 	C:\Windows\System32\bcryptPrimitives.dll
0x00007fff1ac40000 - 0x00007fff1ac68000 	D:\jdk11\bin\java.dll
0x00007fff24ed0000 - 0x00007fff24eda000 	D:\jdk11\bin\jimage.dll
0x00007fff20430000 - 0x00007fff20447000 	D:\jdk11\bin\zip.dll
0x00007fff3fb80000 - 0x00007fff402c4000 	C:\Windows\System32\SHELL32.dll
0x00007fff3c080000 - 0x00007fff3c812000 	C:\Windows\SYSTEM32\windows.storage.dll
0x00007fff3f3c0000 - 0x00007fff3f715000 	C:\Windows\System32\combase.dll
0x00007fff3d960000 - 0x00007fff3d990000 	C:\Windows\SYSTEM32\Wldp.dll
0x00007fff40690000 - 0x00007fff4073d000 	C:\Windows\System32\SHCORE.dll
0x00007fff3e960000 - 0x00007fff3e9b5000 	C:\Windows\System32\shlwapi.dll
0x00007fff3df20000 - 0x00007fff3df3f000 	C:\Windows\SYSTEM32\profapi.dll
0x00007fff1c550000 - 0x00007fff1c569000 	D:\jdk11\bin\net.dll
0x00007fff349e0000 - 0x00007fff34aec000 	C:\Windows\SYSTEM32\WINHTTP.dll
0x00007fff3d6c0000 - 0x00007fff3d72a000 	C:\Windows\system32\mswsock.dll
0x00007fff1aae0000 - 0x00007fff1aaf2000 	D:\jdk11\bin\nio.dll

dbghelp: loaded successfully - version: 4.0.5 - missing functions: none
symbol engine: initialized successfully - sym options: 0x614 - pdb path: .;D:\jdk11\bin;C:\Windows\SYSTEM32;C:\Windows\WinSxS\amd64_microsoft.windows.common-controls_6595b64144ccf1df_6.0.19041.1110_none_60b5254171f9507e;D:\jdk11\bin\server

VM Arguments:
java_command: org.jetbrains.kotlin.cli.jvm.K2JVMCompiler @D:\React Native\ReanimatetdExample\node_modules\react-native-screens\android\build\20230617_17356998274546495498.compiler.options
java_class_path (initial): C:\Users\Nghia\.gradle\caches\modules-2\files-2.1\org.jetbrains.kotlin\kotlin-compiler-embeddable\1.6.21\97bdd5a752ce73b58ef16c17bc7f0ea2faff7a2e\kotlin-compiler-embeddable-1.6.21.jar;C:\Users\Nghia\.gradle\caches\modules-2\files-2.1\org.jetbrains.kotlin\kotlin-reflect\1.6.21\5dc3574d9b7bebfcb4ec6b10ada4aaa9e140bd0b\kotlin-reflect-1.6.21.jar;C:\Users\Nghia\.gradle\caches\modules-2\files-2.1\org.jetbrains.kotlin\kotlin-stdlib\1.6.21\11ef67f1900634fd951bad28c53ec957fabbe5b8\kotlin-stdlib-1.6.21.jar;C:\Users\Nghia\.gradle\caches\modules-2\files-2.1\org.jetbrains.kotlin\kotlin-script-runtime\1.6.21\99c6675100da5d6d5b1c5a1032f27f28008d101b\kotlin-script-runtime-1.6.21.jar;C:\Users\Nghia\.gradle\caches\modules-2\files-2.1\org.jetbrains.kotlin\kotlin-daemon-embeddable\1.6.21\46b78cf392e1c4f10854c3cadba44abb7b82250f\kotlin-daemon-embeddable-1.6.21.jar;C:\Users\Nghia\.gradle\caches\modules-2\files-2.1\org.jetbrains.intellij.deps\trove4j\1.0.20200330\3afb14d5f9ceb459d724e907a21145e8ff394f02\trove4j-1.0.20200330.jar;C:\Users\Nghia\.gradle\caches\modules-2\files-2.1\net.java.dev.jna\jna\5.6.0\330f2244e9030119ab3030fc3fededc86713d9cc\jna-5.6.0.jar;C:\Users\Nghia\.gradle\caches\modules-2\files-2.1\org.jetbrains.kotlin\kotlin-stdlib-common\1.6.21\5e5b55c26dbc80372a920aef60eb774b714559b8\kotlin-stdlib-common-1.6.21.jar;C:\Users\Nghia\.gradle\caches\modules-2\files-2.1\org.jetbrains\annotations\13.0\919f0dfe192fb4e063e7dacadee7f8bb9a2672a9\annotations-13.0.jar
Launcher Type: SUN_STANDARD

[Global flags]
     intx CICompilerCount                          = 4                                         {product} {ergonomic}
     uint ConcGCThreads                            = 2                                         {product} {ergonomic}
     uint G1ConcRefinementThreads                  = 8                                         {product} {ergonomic}
   size_t G1HeapRegionSize                         = 1048576                                   {product} {ergonomic}
    uintx GCDrainStackTargetSize                   = 64                                        {product} {ergonomic}
   size_t InitialHeapSize                          = 268435456                                 {product} {ergonomic}
   size_t MarkStackSize                            = 4194304                                   {product} {ergonomic}
   size_t MaxHeapSize                              = 4269801472                                {product} {ergonomic}
   size_t MaxNewSize                               = 2561671168                                {product} {ergonomic}
   size_t MinHeapDeltaBytes                        = 1048576                                   {product} {ergonomic}
    uintx NonNMethodCodeHeapSize                   = 5836300                                {pd product} {ergonomic}
    uintx NonProfiledCodeHeapSize                  = 122910970                              {pd product} {ergonomic}
    uintx ProfiledCodeHeapSize                     = 122910970                              {pd product} {ergonomic}
    uintx ReservedCodeCacheSize                    = 251658240                              {pd product} {ergonomic}
     bool SegmentedCodeCache                       = true                                      {product} {ergonomic}
     bool UseCompressedClassPointers               = true                                 {lp64_product} {ergonomic}
     bool UseCompressedOops                        = true                                 {lp64_product} {ergonomic}
     bool UseG1GC                                  = true                                      {product} {ergonomic}
     bool UseLargePagesIndividualAllocation        = false                                  {pd product} {ergonomic}

Logging:
Log output configuration:
 #0: stdout all=warning uptime,level,tags
 #1: stderr all=off uptime,level,tags

Environment Variables:
JAVA_HOME=D:\jdk11
CLASSPATH=D:\React Native\ReanimatetdExample\android\\gradle\wrapper\gradle-wrapper.jar
PATH=D:\React Native\ReanimatetdExample\android\node_modules\.bin;D:\React Native\ReanimatetdExample\node_modules\.bin;D:\React Native\node_modules\.bin;D:\node_modules\.bin;C:\Program Files\nodejs;D:\React Native\ReanimatetdExample\node_modules\.bin;D:\React Native\node_modules\.bin;D:\node_modules\.bin;C:\Program Files\nodejs\node_modules\npm\node_modules\@npmcli\run-script\lib\node-gyp-bin;D:\React Native\ReanimatetdExample\node_modules\.bin;D:\React Native\node_modules\.bin;D:\node_modules\.bin;C:\Program Files\nodejs;D:\React Native\ReanimatetdExample\node_modules\.bin;D:\React Native\node_modules\.bin;D:\node_modules\.bin;C:\Program Files\nodejs\node_modules\npm\node_modules\@npmcli\run-script\lib\node-gyp-bin;D:\jdk11\bin;C:\Program Files (x86)\Intel\iCLS Client\;C:\Program Files\Intel\iCLS Client\;C:\Program Files\Common Files\Oracle\Java\javapath;C:\Windows\system32;C:\Windows;C:\Windows\System32\Wbem;C:\Windows\System32\WindowsPowerShell\v1.0\;C:\Windows\System32\OpenSSH\;d:\sqlseverx86\100\Tools\Binn\;d:\sqlsever\100\Tools\Binn\;d:\sqlsever\100\DTS\Binn\;d:\sqlseverx86\100\Tools\Binn\VSShell\Common7\IDE\;d:\sqlseverx86\100\DTS\Binn\;D:\pascal\bin\i386-Win32;C:\Program Files (x86)\Intel\Intel(R) Management Engine Components\DAL;C:\Program Files\Intel\Intel(R) Management Engine Components\DAL;C:\Program Files (x86)\Intel\Intel(R) Management Engine Components\IPT;C:\Program Files\Intel\Intel(R) Management Engine Components\IPT;C:\Program Files\dotnet\;D:\LuaforWindowns\5.1;D:\LuaforWindowns\5.1\clibs;D:\XAMPP\php;C:\ProgramData\ComposerSetup\bin;C:\Program Files\nodejs\;C:\Program Files (x86)\Common Files\Apple\Apple Application Support;C:\Program Files (x86)\Common Files\Apple\Mobile Device Support;C:\Program Files\Common Files\Apple\Apple Application Support;C:\Program Files\Common Files\Apple\Mobile Device Support;D:\Maven\apache-maven-3.8.6\bin;D:\Git\cmd;D:\Android\SDK\platform-tools;D:\Android\SDK\platforms;C:\Users\Nghia\AppData\Roaming\npm;D:\Android\An
USERNAME=Nghia
OS=Windows_NT
PROCESSOR_IDENTIFIER=Intel64 Family 6 Model 58 Stepping 9, GenuineIntel



---------------  S Y S T E M  ---------------

OS: Windows 10 , 64 bit Build 19041 (10.0.19041.2364)

CPU:total 8 (initial active 8) (4 cores per cpu, 2 threads per core) family 6 model 58 stepping 9 microcode 0x21, cmov, cx8, fxsr, mmx, sse, sse2, sse3, ssse3, sse4.1, sse4.2, popcnt, avx, aes, clmul, erms, ht, tsc, tscinvbit, tscinv

Memory: 4k page, system-wide physical 16287M (1828M free)
TotalPageFile size 18335M (AvailPageFile size 135M)
current process WorkingSet (physical memory assigned to process): 359M, peak: 373M
current process commit charge ("private bytes"): 539M, peak: 553M

vm_info: Java HotSpot(TM) 64-Bit Server VM (11.0.18+9-LTS-195) for windows-amd64 JRE (11.0.18+9-LTS-195), built on Dec  6 2022 15:50:58 by "mach5one" with MS VC++ 17.1 (VS2022)

END.
